Tue Aug 06 2024 00:58:03 GMT+0530 (India Standard Time) - POST - /user - {"username":"sachinvb","password":""} 
Tue Aug 06 2024 10:48:00 GMT+0530 (India Standard Time) - POST - /user - {"username":"sachin","password":"1234"} 
Tue Aug 06 2024 10:51:37 GMT+0530 (India Standard Time) - POST - /user - {"username":"sachin11","password":"1234"} 
Tue Aug 06 2024 12:15:26 GMT+0530 (India Standard Time) - POST - /user - {"username":"sachin11","password":"1234"} 
Tue Aug 06 2024 12:15:30 GMT+0530 (India Standard Time) - POST - /user - {"username":"sachin114","password":"1234"} 
Tue Aug 06 2024 12:15:32 GMT+0530 (India Standard Time) - POST - /user - {"username":"sachin1143","password":"1234"} 
Tue Aug 06 2024 12:15:33 GMT+0530 (India Standard Time) - POST - /user - {"username":"sachin11432","password":"1234"} 
Tue Aug 06 2024 12:15:34 GMT+0530 (India Standard Time) - POST - /user - {"username":"sachin1143221","password":"1234"} 
Tue Aug 06 2024 12:15:35 GMT+0530 (India Standard Time) - POST - /user - {"username":"sachin114322123w","password":"1234"} 
Tue Aug 06 2024 12:16:02 GMT+0530 (India Standard Time) - POST - /user - {"username":"","password":""} 
Tue Aug 06 2024 12:16:13 GMT+0530 (India Standard Time) - POST - /user - {"username":"","password":""} 
Tue Aug 06 2024 12:16:18 GMT+0530 (India Standard Time) - POST - /user - {"username":"s","password":"ss"} 
Tue Aug 06 2024 12:17:35 GMT+0530 (India Standard Time) - POST - /user - {"username":"s","password":"ss"} 
Tue Aug 06 2024 12:17:51 GMT+0530 (India Standard Time) - POST - /user - {"username":"s","password":"ss"} 
Tue Aug 06 2024 12:18:05 GMT+0530 (India Standard Time) - POST - /user - {"username":"s","password":"ss"} 
Tue Aug 06 2024 12:19:14 GMT+0530 (India Standard Time) - POST - /user - {"username":"s","password":"ss"} 
Tue Aug 06 2024 12:19:20 GMT+0530 (India Standard Time) - POST - /user - {"username":"s","password":"ss"} 
Tue Aug 06 2024 12:19:57 GMT+0530 (India Standard Time) - POST - /user - {"username":"kk","password":"ljn"} 
Tue Aug 06 2024 12:20:35 GMT+0530 (India Standard Time) - POST - /user - {"username":"kk","password":"ljn"} 
Tue Aug 06 2024 12:20:46 GMT+0530 (India Standard Time) - POST - /user - {"username":"kk","password":"ljn"} 
Tue Aug 06 2024 12:21:07 GMT+0530 (India Standard Time) - POST - /user - {"username":"kk","password":"ljn"} 
Tue Aug 06 2024 12:21:29 GMT+0530 (India Standard Time) - POST - /user - {"username":"kk","password":"ljn"} 
Tue Aug 06 2024 12:22:01 GMT+0530 (India Standard Time) - POST - /user - {"username":"kk","password":"ljn"} 
Tue Aug 06 2024 12:22:25 GMT+0530 (India Standard Time) - POST - /user - {"username":"kk","password":"ljn"} 
Tue Aug 06 2024 12:22:57 GMT+0530 (India Standard Time) - POST - /user - {"username":"kk","password":"ljn"} 
Tue Aug 06 2024 12:23:48 GMT+0530 (India Standard Time) - POST - /user - {"username":"kk","password":"ljn"} 
Tue Aug 06 2024 12:24:13 GMT+0530 (India Standard Time) - POST - /user - {"username":"kk","password":"ljn"} 
Tue Aug 06 2024 12:24:40 GMT+0530 (India Standard Time) - POST - /user - {"username":"kk","password":"ljn"} 
Tue Aug 06 2024 12:24:41 GMT+0530 (India Standard Time) - POST - /user - {"username":"kk","password":"ljn"} 
Tue Aug 06 2024 12:25:03 GMT+0530 (India Standard Time) - POST - /user - {"username":"kk","password":"ljn"} 
Tue Aug 06 2024 12:25:08 GMT+0530 (India Standard Time) - POST - /user - {"username":"kk","password":"ljn"} 
Tue Aug 06 2024 12:25:36 GMT+0530 (India Standard Time) - POST - /user - {"username":"kk","password":"ljn"} 
Tue Aug 06 2024 12:26:08 GMT+0530 (India Standard Time) - POST - /user - {"username":"kk","password":"ljn"} 
Tue Aug 06 2024 12:26:37 GMT+0530 (India Standard Time) - POST - /user - {"username":"kk","password":"ljn"} 
Tue Aug 06 2024 12:26:57 GMT+0530 (India Standard Time) - POST - /user - {"username":"kk","password":"ljn"} 
Tue Aug 06 2024 12:28:30 GMT+0530 (India Standard Time) - POST - /user - {"username":"kk","password":"ljn"} 
Tue Aug 06 2024 12:28:43 GMT+0530 (India Standard Time) - POST - /user - {"username":"kk","password":"ljn"} 
Tue Aug 06 2024 12:28:51 GMT+0530 (India Standard Time) - POST - /user - {"username":"sss","password":"ss"} 
Tue Aug 06 2024 12:29:31 GMT+0530 (India Standard Time) - POST - /user - {"username":"sss","password":"ss"} 
Tue Aug 06 2024 12:29:32 GMT+0530 (India Standard Time) - POST - /user - {"username":"sss","password":"ss"} 
Tue Aug 06 2024 12:31:28 GMT+0530 (India Standard Time) - POST - /user - {"username":"sss","password":"ss"} 
Tue Aug 06 2024 12:32:22 GMT+0530 (India Standard Time) - POST - /user - {"username":"sss","password":"ss"} 
Tue Aug 06 2024 12:32:24 GMT+0530 (India Standard Time) - POST - /user - {"username":"sss","password":"ss"} 
Tue Aug 06 2024 12:32:33 GMT+0530 (India Standard Time) - POST - /user - {"username":"sss","password":"ss"} 
Tue Aug 06 2024 12:33:10 GMT+0530 (India Standard Time) - POST - /user - {"username":"sss","password":"ss"} 
Tue Aug 06 2024 12:33:44 GMT+0530 (India Standard Time) - POST - /user - {"username":"sss","password":"ss"} 
Tue Aug 06 2024 12:34:08 GMT+0530 (India Standard Time) - POST - /user - {"username":"sss","password":"ss"} 
Tue Aug 06 2024 12:35:15 GMT+0530 (India Standard Time) - POST - /user - {"username":"sss","password":"ss"} 
Tue Aug 06 2024 12:35:54 GMT+0530 (India Standard Time) - POST - /user - {"username":"sss","password":"ss"} 
Tue Aug 06 2024 12:36:46 GMT+0530 (India Standard Time) - POST - /user - {"username":"sss","password":"ss"} 
Tue Aug 06 2024 12:39:45 GMT+0530 (India Standard Time) - POST - /user - {"username":"sss","password":"ss"} 
Tue Aug 06 2024 12:39:51 GMT+0530 (India Standard Time) - POST - /user - {"username":"sss","password":"ss"} 
Tue Aug 06 2024 12:40:33 GMT+0530 (India Standard Time) - POST - /user - {"username":"sss","password":"ss"} 
Tue Aug 06 2024 12:42:13 GMT+0530 (India Standard Time) - POST - /user - {"username":"sss","password":"ss"} 
Tue Aug 06 2024 12:42:14 GMT+0530 (India Standard Time) - POST - /user - {"username":"sss","password":"ss"} 
Tue Aug 06 2024 12:42:14 GMT+0530 (India Standard Time) - POST - /user - {"username":"sss","password":"ss"} 
Tue Aug 06 2024 12:42:15 GMT+0530 (India Standard Time) - POST - /user - {"username":"sss","password":"ss"} 
Tue Aug 06 2024 12:42:19 GMT+0530 (India Standard Time) - POST - /user - {"username":"sss","password":"s3"} 
Tue Aug 06 2024 12:42:41 GMT+0530 (India Standard Time) - POST - /user - {"username":"sss","password":"s3"} 
Tue Aug 06 2024 12:42:43 GMT+0530 (India Standard Time) - POST - /user - {"username":"sss","password":"s3"} 
Tue Aug 06 2024 12:43:21 GMT+0530 (India Standard Time) - POST - /user - {"username":"sss","password":"s3"} 
Tue Aug 06 2024 12:43:22 GMT+0530 (India Standard Time) - POST - /user - {"username":"sss","password":"s3"} 
Tue Aug 06 2024 12:43:42 GMT+0530 (India Standard Time) - POST - /user - {"username":"sss","password":"s3"} 
Tue Aug 06 2024 12:53:15 GMT+0530 (India Standard Time) - POST - /user - {"username":"","password":""} 
Tue Aug 06 2024 13:03:05 GMT+0530 (India Standard Time) - POST - /user - {"username":"","password":""} 
Tue Aug 06 2024 23:06:58 GMT+0530 (India Standard Time) - POST - /user - {"username":"sach","password":""} 
Tue Aug 06 2024 23:09:22 GMT+0530 (India Standard Time) - POST - /user - {"username":"sach","password":""} 
Tue Aug 06 2024 23:11:03 GMT+0530 (India Standard Time) - POST - /user - {"username":"sach","password":""} 
Tue Aug 06 2024 23:11:09 GMT+0530 (India Standard Time) - POST - /user - {"username":"sach","password":"1234"} 
Wed Aug 07 2024 22:09:32 GMT+0530 (India Standard Time) - POST - /login - {"email":"sachinvb27@gmail.com","password":"ss"} 
Sat Aug 10 2024 21:18:51 GMT+0530 (India Standard Time) - POST - /login - {"email":"sachinvb27@gmail.com","password":"ljn"} 
Sat Aug 10 2024 21:19:59 GMT+0530 (India Standard Time) - POST - /login - {"email":"kln@sss","password":"mk"} 
Sat Aug 10 2024 21:21:55 GMT+0530 (India Standard Time) - GET - /SampleRt/sample - {} 
Sat Aug 10 2024 21:27:40 GMT+0530 (India Standard Time) - GET - /sample - {} 
Sat Aug 10 2024 21:28:33 GMT+0530 (India Standard Time) - GET - /SampleRt - {} 
Sat Aug 10 2024 21:28:40 GMT+0530 (India Standard Time) - GET - /SampleRt - {} 
Sat Aug 10 2024 21:29:12 GMT+0530 (India Standard Time) - GET - /SampleRt - {} 
Sat Aug 10 2024 21:30:33 GMT+0530 (India Standard Time) - GET - /SampleRt/ - {} 
Sat Aug 10 2024 21:32:02 GMT+0530 (India Standard Time) - POST - /SampleRt/ - {} 
Sat Aug 10 2024 21:33:13 GMT+0530 (India Standard Time) - POST - /SampleRt/ - {} 
Sat Aug 10 2024 21:34:41 GMT+0530 (India Standard Time) - POST - /SampleRt/ - {} 
Sat Aug 10 2024 21:36:02 GMT+0530 (India Standard Time) - POST - /SampleRt/ - {} 
Sat Aug 10 2024 21:59:55 GMT+0530 (India Standard Time) - GET - /SampleRt/ - {} 
Sat Aug 10 2024 22:00:42 GMT+0530 (India Standard Time) - GET - /SampleRt/ - {} 
Sat Aug 10 2024 22:03:28 GMT+0530 (India Standard Time) - GET - /SampleRt/ - {} 
Sat Aug 10 2024 22:03:42 GMT+0530 (India Standard Time) - GET - /SampleRt/ - {} 
Sat Aug 10 2024 22:36:02 GMT+0530 (India Standard Time) - GET - /SampleRt/ - {} 
Sat Aug 10 2024 22:37:21 GMT+0530 (India Standard Time) - GET - /SampleRt/restaurants - {} 
Sat Aug 10 2024 22:38:10 GMT+0530 (India Standard Time) - GET - /SampleRt/restaurants?pageID=${2}&pageLen=${2} - {} 
Sat Aug 10 2024 22:39:05 GMT+0530 (India Standard Time) - GET - /SampleRt/restaurants?pageID=2&pageLen=2 - {} 
Sat Aug 10 2024 22:41:07 GMT+0530 (India Standard Time) - GET - /SampleRt/restaurants?pageID=2&pageLen=2 - {} 
Sat Aug 10 2024 22:47:30 GMT+0530 (India Standard Time) - GET - /SampleRt/restaurants?pageID=2&pageLen=2 - {} 
Sat Aug 10 2024 22:47:33 GMT+0530 (India Standard Time) - GET - /SampleRt/restaurants?pageID=2&pageLen=2 - {} 
Sun Aug 11 2024 00:38:36 GMT+0530 (India Standard Time) - GET - /SampleRt/restaurants?pageID=1&pageLen=1 - {} 
Sun Aug 11 2024 00:38:43 GMT+0530 (India Standard Time) - GET - /SampleRt/restaurants?pageID=1&pageLen=1 - {} 
Sun Aug 11 2024 00:38:44 GMT+0530 (India Standard Time) - GET - /SampleRt/restaurants?pageID=1&pageLen=1 - {} 
Sun Aug 11 2024 00:38:45 GMT+0530 (India Standard Time) - GET - /SampleRt/restaurants?pageID=1&pageLen=1 - {} 
Sun Aug 11 2024 00:38:47 GMT+0530 (India Standard Time) - GET - /SampleRt/restaurants?pageID=1&pageLen=1 - {} 
Sun Aug 11 2024 00:38:48 GMT+0530 (India Standard Time) - GET - /SampleRt/restaurants?pageID=1&pageLen=1 - {} 
Sun Aug 11 2024 00:38:49 GMT+0530 (India Standard Time) - GET - /SampleRt/restaurants?pageID=1&pageLen=1 - {} 
Sun Aug 11 2024 00:38:50 GMT+0530 (India Standard Time) - GET - /SampleRt/restaurants?pageID=1&pageLen=1 - {} 
Sun Aug 11 2024 00:38:51 GMT+0530 (India Standard Time) - GET - /SampleRt/restaurants?pageID=1&pageLen=1 - {} 
Sun Aug 11 2024 00:38:52 GMT+0530 (India Standard Time) - GET - /SampleRt/restaurants?pageID=1&pageLen=1 - {} 
Sun Aug 11 2024 00:38:53 GMT+0530 (India Standard Time) - GET - /SampleRt/restaurants?pageID=1&pageLen=1 - {} 
Sun Aug 11 2024 00:38:54 GMT+0530 (India Standard Time) - GET - /SampleRt/restaurants?pageID=1&pageLen=1 - {} 
Sun Aug 11 2024 00:38:55 GMT+0530 (India Standard Time) - GET - /SampleRt/restaurants?pageID=1&pageLen=1 - {} 
Sun Aug 11 2024 00:38:56 GMT+0530 (India Standard Time) - GET - /SampleRt/restaurants?pageID=1&pageLen=1 - {} 
Sun Aug 11 2024 00:38:57 GMT+0530 (India Standard Time) - GET - /SampleRt/restaurants?pageID=1&pageLen=1 - {} 
Sun Aug 11 2024 00:38:59 GMT+0530 (India Standard Time) - GET - /SampleRt/restaurants?pageID=1&pageLen=1 - {} 
Sun Aug 11 2024 00:39:00 GMT+0530 (India Standard Time) - GET - /SampleRt/restaurants?pageID=1&pageLen=1 - {} 
Sun Aug 11 2024 00:39:03 GMT+0530 (India Standard Time) - GET - /SampleRt/restaurants?pageID=1&pageLen=1 - {} 
Sun Aug 11 2024 00:39:05 GMT+0530 (India Standard Time) - GET - /SampleRt/restaurants?pageID=1&pageLen=1 - {} 
Sun Aug 11 2024 00:39:50 GMT+0530 (India Standard Time) - GET - /SampleRt/restaurants?pageID=1&pageLen=1 - {} 
Sun Aug 11 2024 00:39:53 GMT+0530 (India Standard Time) - GET - /SampleRt/restaurants?pageID=1&pageLen=1 - {} 
Sun Aug 11 2024 00:39:55 GMT+0530 (India Standard Time) - GET - /SampleRt/restaurants?pageID=1&pageLen=1 - {} 
Sun Aug 11 2024 00:39:56 GMT+0530 (India Standard Time) - GET - /SampleRt/restaurants?pageID=1&pageLen=1 - {} 
Sun Aug 11 2024 00:39:57 GMT+0530 (India Standard Time) - GET - /SampleRt/restaurants?pageID=1&pageLen=1 - {} 
Sun Aug 11 2024 00:39:59 GMT+0530 (India Standard Time) - GET - /SampleRt/restaurants?pageID=1&pageLen=1 - {} 
Sun Aug 11 2024 00:40:01 GMT+0530 (India Standard Time) - GET - /SampleRt/restaurants?pageID=1&pageLen=1 - {} 
Sun Aug 11 2024 00:40:02 GMT+0530 (India Standard Time) - GET - /SampleRt/restaurants?pageID=1&pageLen=1 - {} 
Sun Aug 11 2024 00:40:03 GMT+0530 (India Standard Time) - GET - /SampleRt/restaurants?pageID=1&pageLen=1 - {} 
Sun Aug 11 2024 00:40:04 GMT+0530 (India Standard Time) - GET - /SampleRt/restaurants?pageID=1&pageLen=1 - {} 
Sun Aug 11 2024 00:40:05 GMT+0530 (India Standard Time) - GET - /SampleRt/restaurants?pageID=1&pageLen=1 - {} 
Sun Aug 11 2024 00:40:06 GMT+0530 (India Standard Time) - GET - /SampleRt/restaurants?pageID=1&pageLen=1 - {} 
Sun Aug 11 2024 00:40:07 GMT+0530 (India Standard Time) - GET - /SampleRt/restaurants?pageID=1&pageLen=1 - {} 
Sun Aug 11 2024 00:40:09 GMT+0530 (India Standard Time) - GET - /SampleRt/restaurants?pageID=1&pageLen=1 - {} 
Sun Aug 11 2024 00:42:46 GMT+0530 (India Standard Time) - GET - /SampleRt/restaurants?pageID=1&pageLen=1 - {} 
Sun Aug 11 2024 00:42:47 GMT+0530 (India Standard Time) - GET - /SampleRt/restaurants?pageID=1&pageLen=1 - {} 
Sun Aug 11 2024 00:42:49 GMT+0530 (India Standard Time) - GET - /SampleRt/restaurants?pageID=1&pageLen=1 - {} 
Sun Aug 11 2024 00:42:50 GMT+0530 (India Standard Time) - GET - /SampleRt/restaurants?pageID=1&pageLen=1 - {} 
Sun Aug 11 2024 00:42:51 GMT+0530 (India Standard Time) - GET - /SampleRt/restaurants?pageID=1&pageLen=1 - {} 
Sun Aug 11 2024 00:42:52 GMT+0530 (India Standard Time) - GET - /SampleRt/restaurants?pageID=1&pageLen=1 - {} 
Sun Aug 11 2024 00:42:53 GMT+0530 (India Standard Time) - GET - /SampleRt/restaurants?pageID=1&pageLen=1 - {} 
Sun Aug 11 2024 00:42:54 GMT+0530 (India Standard Time) - GET - /SampleRt/restaurants?pageID=1&pageLen=1 - {} 
Sun Aug 11 2024 00:42:56 GMT+0530 (India Standard Time) - GET - /SampleRt/restaurants?pageID=1&pageLen=1 - {} 
Sun Aug 11 2024 00:42:57 GMT+0530 (India Standard Time) - GET - /SampleRt/restaurants?pageID=1&pageLen=1 - {} 
Sun Aug 11 2024 00:42:58 GMT+0530 (India Standard Time) - GET - /SampleRt/restaurants?pageID=1&pageLen=1 - {} 
Sun Aug 11 2024 00:43:00 GMT+0530 (India Standard Time) - GET - /SampleRt/restaurants?pageID=1&pageLen=1 - {} 
Sun Aug 11 2024 00:43:01 GMT+0530 (India Standard Time) - GET - /SampleRt/restaurants?pageID=1&pageLen=1 - {} 
Sun Aug 11 2024 00:43:02 GMT+0530 (India Standard Time) - GET - /SampleRt/restaurants?pageID=1&pageLen=1 - {} 
Sun Aug 11 2024 00:43:03 GMT+0530 (India Standard Time) - GET - /SampleRt/restaurants?pageID=1&pageLen=1 - {} 
Sun Aug 11 2024 10:13:32 GMT+0530 (India Standard Time) - GET - /SampleRt/restaurants?name=%22Happy%20Garden%22 - {} 
Sun Aug 11 2024 10:14:50 GMT+0530 (India Standard Time) - GET - /SampleRt/restaurants?name=%22Happy%20Garden%22 - {} 
Sun Aug 11 2024 10:18:05 GMT+0530 (India Standard Time) - GET - /SampleRt/restaurants?restaurant_id=%2230075445%22 - {} 
Sun Aug 11 2024 10:18:43 GMT+0530 (India Standard Time) - GET - /SampleRt/restaurants?restaurant_id=30075445 - {} 
Sun Aug 11 2024 10:18:52 GMT+0530 (India Standard Time) - GET - /SampleRt/restaurants?name=Happy - {} 
Sun Aug 11 2024 10:19:05 GMT+0530 (India Standard Time) - GET - /SampleRt/restaurants?name=garden - {} 
Sun Aug 11 2024 10:19:11 GMT+0530 (India Standard Time) - GET - /SampleRt/restaurants?name=happy - {} 
Sun Aug 11 2024 10:56:12 GMT+0530 (India Standard Time) - GET - /SampleRt/restaurants?name=happy - {} 
Sun Aug 11 2024 10:57:08 GMT+0530 (India Standard Time) - GET - /SampleRt/restaurants?pageID=2&pageLen=5&sortField=name&sortOrder=desc&cuisine=Italian - {} 
Sun Aug 11 2024 12:44:06 GMT+0530 (India Standard Time) - GET - /SampleRt/restaurants?pageID=1&pageLen=2&sortOrder=desc - {} 
Sun Aug 11 2024 12:44:23 GMT+0530 (India Standard Time) - GET - /SampleRt/restaurants?pageID=1&pageLen=2&sortOrder=asc - {} 
Sun Aug 11 2024 22:03:14 GMT+0530 (India Standard Time) - POST - /regLoginRt/register?username=sachin&password=232 - {} 
Sun Aug 11 2024 22:04:19 GMT+0530 (India Standard Time) - POST - /regLoginRt/register?username=sachin&password=232 - {} 
Sun Aug 11 2024 22:04:22 GMT+0530 (India Standard Time) - POST - /regLoginRt/register?username=sachin&password=232 - {} 
Sun Aug 11 2024 22:05:15 GMT+0530 (India Standard Time) - POST - /regLoginRt/register?username=sachin&password=232 - {} 
Sun Aug 11 2024 22:06:07 GMT+0530 (India Standard Time) - POST - /regLoginRt/register - {} 
Sun Aug 11 2024 22:06:28 GMT+0530 (India Standard Time) - POST - /regLoginRt/register - {} 
Sun Aug 11 2024 22:07:03 GMT+0530 (India Standard Time) - POST - /regLoginRt/register - {} 
Sun Aug 11 2024 22:07:48 GMT+0530 (India Standard Time) - POST - /regLoginRt/register - {} 
Sun Aug 11 2024 22:07:59 GMT+0530 (India Standard Time) - POST - /regLoginRt/register - {} 
Sun Aug 11 2024 22:10:15 GMT+0530 (India Standard Time) - POST - /regLoginRt/register?= - {} 
Sun Aug 11 2024 22:10:28 GMT+0530 (India Standard Time) - POST - /regLoginRt/register - {} 
Sun Aug 11 2024 22:11:42 GMT+0530 (India Standard Time) - POST - /regLoginRt/register?username=sachin&password=1234 - {} 
Sun Aug 11 2024 22:14:21 GMT+0530 (India Standard Time) - POST - /regLoginRt/login?username=sachin&password=1234 - {} 
Sun Aug 11 2024 22:19:53 GMT+0530 (India Standard Time) - POST - /regLoginRt/login?username=sachin&password=1234 - {} 
Sun Aug 11 2024 22:19:54 GMT+0530 (India Standard Time) - POST - /regLoginRt/login?username=sachin&password=1234 - {} 
Sun Aug 11 2024 22:53:40 GMT+0530 (India Standard Time) - POST - /regLoginRt/login?username=sachin&password=1234 - {} 
Sun Aug 11 2024 23:14:59 GMT+0530 (India Standard Time) - POST - /SampleRt/restaurants?pageID=1&pageLen=2&sortOrder=asc - {} 
Sun Aug 11 2024 23:16:16 GMT+0530 (India Standard Time) - POST - /SampleRt/restaurants?pageID=1 - {} 
Sun Aug 11 2024 23:16:29 GMT+0530 (India Standard Time) - GET - /SampleRt/restaurants?pageID=1 - {} 
Sun Aug 11 2024 23:18:07 GMT+0530 (India Standard Time) - GET - /SampleRt/restaurants?pageID=1 - {} 
Sun Aug 11 2024 23:19:27 GMT+0530 (India Standard Time) - GET - /SampleRt/restaurants?pageID=1 - {} 
Sun Aug 11 2024 23:20:48 GMT+0530 (India Standard Time) - POST - /regLoginRt/login?username=sachin&password=1234 - {} 
Sun Aug 11 2024 23:21:00 GMT+0530 (India Standard Time) - POST - /regLoginRt/login?username=sachin&password=1234 - {} 
Sun Aug 11 2024 23:22:09 GMT+0530 (India Standard Time) - POST - /regLoginRt/login?username=sachin&password=1234 - {} 
Sun Aug 11 2024 23:22:38 GMT+0530 (India Standard Time) - POST - /SampleRt/restaurants?pageID=1&pageLen=2&sortOrder=asc - {} 
Sun Aug 11 2024 23:22:46 GMT+0530 (India Standard Time) - GET - /SampleRt/restaurants?pageID=1&pageLen=2&sortOrder=asc - {} 
Sun Aug 11 2024 23:22:54 GMT+0530 (India Standard Time) - GET - /SampleRt/restaurants?pageID=1&pageLen=2&sortOrder=asc - {} 
Sun Aug 11 2024 23:29:48 GMT+0530 (India Standard Time) - GET - /SampleRt/restaurants?pageID=1&pageLen=2&sortOrder=asc - {} 
Sun Aug 11 2024 23:30:15 GMT+0530 (India Standard Time) - GET - /SampleRt/restaurants?pageID=1&pageLen=2&sortOrder=asc - {} 
Sun Aug 11 2024 23:31:01 GMT+0530 (India Standard Time) - GET - /SampleRt/restaurants?pageID=1&pageLen=2&sortOrder=asc - {} 
Sun Aug 11 2024 23:31:09 GMT+0530 (India Standard Time) - GET - /SampleRt/restaurants?pageID=1&pageLen=2&sortOrder=asc - {} 
Sun Aug 11 2024 23:33:51 GMT+0530 (India Standard Time) - GET - /SampleRt/restaurants?pageID=1&pageLen=2&sortOrder=asc - {} 
Sun Aug 11 2024 23:34:14 GMT+0530 (India Standard Time) - GET - /SampleRt/restaurants?pageID=1&pageLen=2&sortOrder=asc - {} 
Sun Aug 11 2024 23:34:46 GMT+0530 (India Standard Time) - GET - /SampleRt/restaurants?pageID=1&pageLen=2&sortOrder=asc - {} 
Sun Aug 11 2024 23:35:11 GMT+0530 (India Standard Time) - GET - /SampleRt/restaurants?pageID=1&pageLen=2&sortOrder=asc - {} 
Sun Aug 11 2024 23:43:01 GMT+0530 (India Standard Time) - GET - /SampleRt/restaurants?pageID=1&pageLen=2&sortOrder=asc - {} 
Sun Aug 11 2024 23:44:29 GMT+0530 (India Standard Time) - POST - /regLoginRt/login?sachin=1234 - {} 
Sun Aug 11 2024 23:44:49 GMT+0530 (India Standard Time) - POST - /regLoginRt/login?username=sachin&password=1234 - {} 
Sun Aug 11 2024 23:45:22 GMT+0530 (India Standard Time) - GET - /SampleRt/restaurants?pageID=1&pageLen=2&sortOrder=asc - {} 
Sun Aug 11 2024 23:45:29 GMT+0530 (India Standard Time) - GET - /SampleRt/restaurants?pageID=1&pageLen=2&sortOrder=asc - {} 
Sun Aug 11 2024 23:45:38 GMT+0530 (India Standard Time) - GET - /SampleRt/restaurants?pageID=1&pageLen=2&sortOrder=asc - {} 
Sun Aug 11 2024 23:45:42 GMT+0530 (India Standard Time) - GET - /SampleRt/restaurants?pageID=1&pageLen=2&sortOrder=asc - {} 
Sun Aug 11 2024 23:45:54 GMT+0530 (India Standard Time) - GET - /SampleRt/restaurants?pageID=1&pageLen=2&sortOrder=asc - {} 
Mon Aug 12 2024 15:14:49 GMT+0530 (India Standard Time) - POST - /register - {"email":"sachinvb27@gmail.com","password":"1234"} 
Mon Aug 12 2024 15:15:34 GMT+0530 (India Standard Time) - POST - /register - {"email":"sachinvb27@gmail.com","password":"1234"} 
Mon Aug 12 2024 15:17:06 GMT+0530 (India Standard Time) - GET - /regLoginRt/register - {} 
Mon Aug 12 2024 15:18:05 GMT+0530 (India Standard Time) - POST - /regLoginRt/register - {"email":"sachinvb27@gmail.com","password":"1234"} 
Mon Aug 12 2024 15:18:36 GMT+0530 (India Standard Time) - POST - /regLoginRt/register - {} 
Mon Aug 12 2024 15:20:33 GMT+0530 (India Standard Time) - POST - /regLoginRt/register - {} 
Mon Aug 12 2024 15:20:51 GMT+0530 (India Standard Time) - POST - /regLoginRt/register?email=sachinvb&password=123 - {} 
Mon Aug 12 2024 15:21:19 GMT+0530 (India Standard Time) - POST - /regLoginRt/register - {"email":"sachin@gmail.com","password":"1234"} 
Mon Aug 12 2024 15:23:38 GMT+0530 (India Standard Time) - POST - /regLoginRt/register?email=siddesh&password=siddesh - {} 
Mon Aug 12 2024 15:23:56 GMT+0530 (India Standard Time) - POST - /regLoginRt/register?email=siddesh&password=siddesh - {} 
Mon Aug 12 2024 15:24:26 GMT+0530 (India Standard Time) - POST - /regLoginRt/register?email=siddesh&password=siddesh - {} 
Mon Aug 12 2024 15:24:30 GMT+0530 (India Standard Time) - POST - /regLoginRt/register?email=siddesh&password=siddes - {} 
Mon Aug 12 2024 15:25:42 GMT+0530 (India Standard Time) - POST - /regLoginRt/register?email=siddesh&password=siddes - {} 
Mon Aug 12 2024 15:27:55 GMT+0530 (India Standard Time) - POST - /regLoginRt/register - {"username":"siddesh","password":"siddesh"} 
Mon Aug 12 2024 15:29:24 GMT+0530 (India Standard Time) - POST - /regLoginRt/register - {"username":"siddesh","password":"siddesh"} 
Mon Aug 12 2024 15:30:51 GMT+0530 (India Standard Time) - POST - /regLoginRt/register - {"username":"siddesh","password":"siddesh"} 
Mon Aug 12 2024 15:31:00 GMT+0530 (India Standard Time) - POST - /regLoginRt/register - {"username":"ṣss","password":"ss"} 
Mon Aug 12 2024 15:31:57 GMT+0530 (India Standard Time) - POST - /regLoginRt/register - {"username":"ṣss","password":"ss"} 
Mon Aug 12 2024 15:32:23 GMT+0530 (India Standard Time) - POST - /regLoginRt/register - {"username":"ṣss","password":"ss"} 
Mon Aug 12 2024 15:33:21 GMT+0530 (India Standard Time) - POST - /regLoginRt/register - {"username":"ṣss","password":"ss"} 
Mon Aug 12 2024 15:33:38 GMT+0530 (India Standard Time) - POST - /regLoginRt/register - {"username":"ṣss","password":"ss"} 
Mon Aug 12 2024 15:34:00 GMT+0530 (India Standard Time) - POST - /regLoginRt/register - {"username":"ṣss","password":"ss"} 
Mon Aug 12 2024 15:34:23 GMT+0530 (India Standard Time) - POST - /regLoginRt/register - {"username":"ṣss","password":"ss"} 
Mon Aug 12 2024 15:35:51 GMT+0530 (India Standard Time) - POST - /regLoginRt/register - {"username":"ṣss","password":"ss"} 
Mon Aug 12 2024 15:36:07 GMT+0530 (India Standard Time) - POST - /regLoginRt/register - {"username":"ṣss","password":"ss"} 
Mon Aug 12 2024 15:36:57 GMT+0530 (India Standard Time) - POST - /regLoginRt/register - {"username":"ṣss","password":"ss"} 
Mon Aug 12 2024 15:37:29 GMT+0530 (India Standard Time) - POST - /regLoginRt/register - {"username":"dd","password":"dd"} 
Mon Aug 12 2024 15:39:26 GMT+0530 (India Standard Time) - GET - /regLoginRt/register?username=$%7B%7D&password=$%7B%7D - {} 
Mon Aug 12 2024 15:41:14 GMT+0530 (India Standard Time) - POST - /regLoginRt/register?username=ss&password=aaa - {"username":"ss","password":"aaa"} 
Mon Aug 12 2024 15:42:16 GMT+0530 (India Standard Time) - POST - /regLoginRt/register?username=siddesh&password=sid - {"username":"siddesh","password":"sid"} 
Mon Aug 12 2024 15:42:43 GMT+0530 (India Standard Time) - POST - /regLoginRt/login?username=siddesh&password=sid - {"username":"siddesh","password":"sid"} 
Mon Aug 12 2024 15:43:46 GMT+0530 (India Standard Time) - POST - /regLoginRt/login?username=siddesh&password=sid - {"username":"siddesh","password":"sid"} 
Mon Aug 12 2024 15:44:21 GMT+0530 (India Standard Time) - POST - /regLoginRt/login?username=siddesh&password=sid - {"username":"siddesh","password":"sid"} 
Mon Aug 12 2024 15:58:17 GMT+0530 (India Standard Time) - POST - /regLoginRt/login?username=siddesh&password=sid - {"username":"siddesh","password":"sid"} 
Mon Aug 12 2024 16:56:19 GMT+0530 (India Standard Time) - POST - /regLoginRt/login?username=aa&password=ss - {"username":"aa","password":"ss"} 
Mon Aug 12 2024 16:57:24 GMT+0530 (India Standard Time) - POST - /regLoginRt/login?username=aa&password=ss - {"username":"aa","password":"ss"} 
Mon Aug 12 2024 17:02:32 GMT+0530 (India Standard Time) - POST - /regLoginRt/login?username=siddesh&password=sid - {"username":"siddesh","password":"sid"} 
Mon Aug 12 2024 17:04:13 GMT+0530 (India Standard Time) - POST - /regLoginRt/login?username=siddesh&password=sid - {"username":"siddesh","password":"sid"} 
Mon Aug 12 2024 17:06:27 GMT+0530 (India Standard Time) - POST - /regLoginRt/login?username=siddesh&password=sid - {"username":"siddesh","password":"sid"} 
Mon Aug 12 2024 17:07:14 GMT+0530 (India Standard Time) - POST - /regLoginRt/login?username=siddesh&password=sid - {"username":"siddesh","password":"sid"} 
Mon Aug 12 2024 17:07:51 GMT+0530 (India Standard Time) - POST - /regLoginRt/login?username=siddesh&password=sid - {"username":"siddesh","password":"sid"} 
Mon Aug 12 2024 17:12:47 GMT+0530 (India Standard Time) - POST - /regLoginRt/login?username=s&password=dd - {"username":"s","password":"dd"} 
Mon Aug 12 2024 17:14:32 GMT+0530 (India Standard Time) - POST - /regLoginRt/login?username=s&password=dd - {"username":"s","password":"dd"} 
Mon Aug 12 2024 17:15:21 GMT+0530 (India Standard Time) - POST - /regLoginRt/login?username=s&password=dd - {"username":"s","password":"dd"} 
Mon Aug 12 2024 17:15:35 GMT+0530 (India Standard Time) - POST - /regLoginRt/login?username=ss&password=ss - {"username":"ss","password":"ss"} 
Mon Aug 12 2024 17:15:54 GMT+0530 (India Standard Time) - POST - /regLoginRt/login?username=ss&password=ss - {"username":"ss","password":"ss"} 
Mon Aug 12 2024 17:23:35 GMT+0530 (India Standard Time) - POST - /regLoginRt/login?username=siddesh&password=sid - {"username":"siddesh","password":"sid"} 
Mon Aug 12 2024 17:25:47 GMT+0530 (India Standard Time) - POST - /regLoginRt/login?username=ss&password=aas - {"username":"ss","password":"aas"} 
Mon Aug 12 2024 17:26:48 GMT+0530 (India Standard Time) - POST - /regLoginRt/login?username=ss&password=aas - {"username":"ss","password":"aas"} 
Mon Aug 12 2024 17:27:46 GMT+0530 (India Standard Time) - POST - /regLoginRt/login?username=ss&password=ss - {"username":"ss","password":"ss"} 
Mon Aug 12 2024 17:28:35 GMT+0530 (India Standard Time) - POST - /regLoginRt/login?username=ss&password=ss - {"username":"ss","password":"ss"} 
Mon Aug 12 2024 17:28:45 GMT+0530 (India Standard Time) - POST - /regLoginRt/login?username=ssss&password=ss - {"username":"ssss","password":"ss"} 
Mon Aug 12 2024 17:28:54 GMT+0530 (India Standard Time) - POST - /regLoginRt/login?username=sid&password=ss - {"username":"sid","password":"ss"} 
Mon Aug 12 2024 17:29:00 GMT+0530 (India Standard Time) - POST - /regLoginRt/login?username=siddesh&password=ss - {"username":"siddesh","password":"ss"} 
Mon Aug 12 2024 18:07:26 GMT+0530 (India Standard Time) - POST - /regLoginRt/register?username=sachin&password=12345 - {"username":"sachin","password":"12345"} 
Mon Aug 12 2024 18:08:41 GMT+0530 (India Standard Time) - POST - /regLoginRt/register?username=sachin&password=12345 - {"username":"sachin","password":"12345"} 
Mon Aug 12 2024 18:08:45 GMT+0530 (India Standard Time) - POST - /regLoginRt/register?username=sachin&password=12345 - {"username":"sachin","password":"12345"} 
Mon Aug 12 2024 18:09:11 GMT+0530 (India Standard Time) - POST - /regLoginRt/register?username=sachin1&password=12345 - {"username":"sachin1","password":"12345"} 
Mon Aug 12 2024 18:11:46 GMT+0530 (India Standard Time) - POST - /regLoginRt/register?username=sachinvb27&password=123456 - {"username":"sachinvb27","password":"123456"} 
Mon Aug 12 2024 18:12:43 GMT+0530 (India Standard Time) - POST - /regLoginRt/login?username=sidd&password=sidd - {"username":"sidd","password":"sidd"} 
Mon Aug 12 2024 18:13:00 GMT+0530 (India Standard Time) - POST - /regLoginRt/register?username=sidd&password=sidd - {"username":"sidd","password":"sidd"} 
Mon Aug 12 2024 18:15:19 GMT+0530 (India Standard Time) - POST - /regLoginRt/register?username=sidd&password=sidd - {"username":"sidd","password":"sidd"} 
Mon Aug 12 2024 18:17:06 GMT+0530 (India Standard Time) - POST - /regLoginRt/register?username=sidd&password=sidd - {"username":"sidd","password":"sidd"} 
Mon Aug 12 2024 18:17:31 GMT+0530 (India Standard Time) - POST - /regLoginRt/register?username=sidd&password=sidd - {"username":"sidd","password":"sidd"} 
Mon Aug 12 2024 18:18:04 GMT+0530 (India Standard Time) - POST - /regLoginRt/register?username=sidde&password=sidde - {"username":"sidde","password":"sidde"} 
Mon Aug 12 2024 18:18:18 GMT+0530 (India Standard Time) - POST - /regLoginRt/login?username=sidde&password=sidde - {"username":"sidde","password":"sidde"} 
Mon Aug 12 2024 18:29:24 GMT+0530 (India Standard Time) - POST - /regLoginRt/register?username=sss&password=ssss - {"username":"sss","password":"ssss"} 
Mon Aug 12 2024 18:29:49 GMT+0530 (India Standard Time) - POST - /regLoginRt/login?username=knlk&password=kmnlk - {"username":"knlk","password":"kmnlk"} 
Mon Aug 12 2024 18:29:53 GMT+0530 (India Standard Time) - POST - /regLoginRt/login?username=knlk&password=kmnlk - {"username":"knlk","password":"kmnlk"} 
Mon Aug 12 2024 18:29:54 GMT+0530 (India Standard Time) - POST - /regLoginRt/login?username=knlk&password=kmnlk - {"username":"knlk","password":"kmnlk"} 
Mon Aug 12 2024 18:29:55 GMT+0530 (India Standard Time) - POST - /regLoginRt/login?username=knlk&password=kmnlk - {"username":"knlk","password":"kmnlk"} 
Mon Aug 12 2024 18:29:57 GMT+0530 (India Standard Time) - POST - /regLoginRt/login?username=knlk&password=kmnlk - {"username":"knlk","password":"kmnlk"} 
Mon Aug 12 2024 18:34:51 GMT+0530 (India Standard Time) - POST - /regLoginRt/login?username=sax&password=xxx - {"username":"sax","password":"xxx"} 
Mon Aug 12 2024 18:35:45 GMT+0530 (India Standard Time) - POST - /regLoginRt/login?username=sax&password=xxx - {"username":"sax","password":"xxx"} 
Mon Aug 12 2024 18:36:26 GMT+0530 (India Standard Time) - POST - /regLoginRt/login?username=sax&password=xxx - {"username":"sax","password":"xxx"} 
Mon Aug 12 2024 18:38:38 GMT+0530 (India Standard Time) - POST - /regLoginRt/login?username=easylibadmin&password=ss - {"username":"easylibadmin","password":"ss"} 
Mon Aug 12 2024 18:38:47 GMT+0530 (India Standard Time) - POST - /regLoginRt/login?username=sachin&password=ss - {"username":"sachin","password":"ss"} 
Mon Aug 12 2024 18:39:10 GMT+0530 (India Standard Time) - POST - /regLoginRt/register?username=sachinvb27@gmail.com&password=ssss - {"username":"sachinvb27@gmail.com","password":"ssss"} 
Mon Aug 12 2024 18:39:19 GMT+0530 (India Standard Time) - POST - /regLoginRt/login?username=ssss&password=ss - {"username":"ssss","password":"ss"} 
Mon Aug 12 2024 20:32:39 GMT+0530 (India Standard Time) - POST - /regLoginRt/login?username=siddesh&password=sid - {"username":"siddesh","password":"sid"} 
Mon Aug 12 2024 20:32:57 GMT+0530 (India Standard Time) - POST - /regLoginRt/login?username=siddesh&password=sid - {"username":"siddesh","password":"sid"} 
Mon Aug 12 2024 20:36:39 GMT+0530 (India Standard Time) - POST - /regLoginRt/register?username=siddeshs&password=sid - {"username":"siddeshs","password":"sid"} 
Mon Aug 12 2024 20:36:48 GMT+0530 (India Standard Time) - POST - /regLoginRt/login?username=sidd&password=slhsuo - {"username":"sidd","password":"slhsuo"} 
Mon Aug 12 2024 20:36:55 GMT+0530 (India Standard Time) - POST - /regLoginRt/login?username=sidsss&password=slhsuo - {"username":"sidsss","password":"slhsuo"} 
Mon Aug 12 2024 20:37:09 GMT+0530 (India Standard Time) - POST - /regLoginRt/login?username=siddeshs&password=sid - {"username":"siddeshs","password":"sid"} 
Mon Aug 12 2024 20:53:19 GMT+0530 (India Standard Time) - POST - /regLoginRt/login?username=siddesh&password=sid - {"username":"siddesh","password":"sid"} 
Mon Aug 12 2024 21:30:27 GMT+0530 (India Standard Time) - POST - /regLoginRt/login?username=siddesh&password=sid - {"username":"siddesh","password":"sid"} 
Mon Aug 12 2024 21:34:33 GMT+0530 (India Standard Time) - POST - /regLoginRt/login?username=siddesh&password=sid - {"username":"siddesh","password":"sid"} 
Mon Aug 12 2024 21:38:10 GMT+0530 (India Standard Time) - POST - /regLoginRt/register?username=siddesh&password=sid - {"username":"siddesh","password":"sid"} 
Mon Aug 12 2024 21:38:35 GMT+0530 (India Standard Time) - POST - /regLoginRt/login?username=siddesh&password=sid - {"username":"siddesh","password":"sid"} 
Mon Aug 12 2024 21:38:49 GMT+0530 (India Standard Time) - POST - /regLoginRt/login?username=siddesh&password=sid - {"username":"siddesh","password":"sid"} 
Mon Aug 12 2024 21:48:53 GMT+0530 (India Standard Time) - POST - /regLoginRt/login?username=siddesh&password=sid - {"username":"siddesh","password":"sid"} 
Mon Aug 12 2024 21:49:28 GMT+0530 (India Standard Time) - POST - /regLoginRt/login?username=siddesh&password=sid - {"username":"siddesh","password":"sid"} 
Mon Aug 12 2024 21:49:55 GMT+0530 (India Standard Time) - POST - /regLoginRt/login?username=siddesh&password=sid - {"username":"siddesh","password":"sid"} 
Mon Aug 12 2024 21:52:40 GMT+0530 (India Standard Time) - POST - /regLoginRt/login?username=siddesh&password=sid - {"username":"siddesh","password":"sid"} 
Mon Aug 12 2024 21:59:59 GMT+0530 (India Standard Time) - POST - /regLoginRt/login?username=siddesh&password=sid - {"username":"siddesh","password":"sid"} 
Mon Aug 12 2024 22:20:55 GMT+0530 (India Standard Time) - GET - /SampleRt/restaurants?pageID=2&pageLen=5&sortField=name&sortOrder=desc&cuisine=Italian - {} 
Mon Aug 12 2024 22:21:23 GMT+0530 (India Standard Time) - POST - /regLoginRt/login?username=sachin&password=1234 - {} 
Mon Aug 12 2024 22:21:33 GMT+0530 (India Standard Time) - GET - /SampleRt/restaurants?pageID=2&pageLen=5&sortField=name&sortOrder=desc&cuisine=Italian - {} 
Mon Aug 12 2024 22:21:58 GMT+0530 (India Standard Time) - GET - /regLoginRt/login?username=sachin&password=1234 - {} 
Mon Aug 12 2024 22:22:07 GMT+0530 (India Standard Time) - POST - /regLoginRt/login?username=sachin&password=1234 - {} 
Mon Aug 12 2024 22:22:31 GMT+0530 (India Standard Time) - GET - /SampleRt/restaurants?pageID=2&pageLen=5&sortField=name&sortOrder=desc&cuisine=Italian - {} 
Mon Aug 12 2024 23:23:47 GMT+0530 (India Standard Time) - GET - /SampleRt/restaurants?pageID=2&pageLen=5&sortField=name&sortOrder=desc&cuisine=Italian - {} 
Mon Aug 12 2024 23:23:53 GMT+0530 (India Standard Time) - GET - /SampleRt/restaurants?pageID=2&pageLen=5&sortField=name&sortOrder=desc&cuisine=Italian - {} 
Mon Aug 12 2024 23:23:56 GMT+0530 (India Standard Time) - GET - /SampleRt/restaurants?pageID=2&pageLen=5&sortField=name&sortOrder=desc&cuisine=Italian - {} 
Mon Aug 12 2024 23:23:57 GMT+0530 (India Standard Time) - GET - /SampleRt/restaurants?pageID=2&pageLen=5&sortField=name&sortOrder=desc&cuisine=Italian - {} 
Mon Aug 12 2024 23:23:58 GMT+0530 (India Standard Time) - GET - /SampleRt/restaurants?pageID=2&pageLen=5&sortField=name&sortOrder=desc&cuisine=Italian - {} 
Mon Aug 12 2024 23:23:59 GMT+0530 (India Standard Time) - GET - /SampleRt/restaurants?pageID=2&pageLen=5&sortField=name&sortOrder=desc&cuisine=Italian - {} 
Mon Aug 12 2024 23:27:33 GMT+0530 (India Standard Time) - POST - /regLoginRt/login?username=siddesh&password=sid - {"username":"siddesh","password":"sid"} 
Mon Aug 12 2024 23:36:04 GMT+0530 (India Standard Time) - POST - /regLoginRt/login?username=siddesh&password=siddes - {} 
Mon Aug 12 2024 23:36:11 GMT+0530 (India Standard Time) - POST - /regLoginRt/login?username=siddesh&password=sid - {} 
Mon Aug 12 2024 23:36:48 GMT+0530 (India Standard Time) - GET - /SampleRt/restaurants?pageID=1&pageLen=2&sortOrder=asc - {} 
Mon Aug 12 2024 23:37:20 GMT+0530 (India Standard Time) - GET - /SampleRt/restaurants?pageID=1&pageLen=2&sortOrder=asc - {} 
Mon Aug 12 2024 23:37:25 GMT+0530 (India Standard Time) - GET - /SampleRt/restaurants?pageID=1&pageLen=2&sortOrder=asc - {} 
Mon Aug 12 2024 23:37:35 GMT+0530 (India Standard Time) - GET - /SampleRt/restaurants?pageID=1&pageLen=2&sortOrder=asc - {} 
Mon Aug 12 2024 23:54:56 GMT+0530 (India Standard Time) - POST - /regLoginRt/login?username=siddesh&password=sid - {"username":"siddesh","password":"sid"} 
Tue Aug 13 2024 00:13:01 GMT+0530 (India Standard Time) - POST - /regLoginRt/login?username=siddesh&password=sid - {"username":"siddesh","password":"sid"} 
Tue Aug 13 2024 00:13:05 GMT+0530 (India Standard Time) - POST - /regLoginRt/login?username=siddesh&password=sid - {"username":"siddesh","password":"sid"} 
Tue Aug 13 2024 00:13:09 GMT+0530 (India Standard Time) - POST - /regLoginRt/login?username=siddesh&password=sid - {"username":"siddesh","password":"sid"} 
Tue Aug 13 2024 00:13:13 GMT+0530 (India Standard Time) - POST - /regLoginRt/login?username=siddesh&password=sid - {"username":"siddesh","password":"sid"} 
Tue Aug 13 2024 00:13:21 GMT+0530 (India Standard Time) - POST - /regLoginRt/login?username=siddesh&password=sid - {"username":"siddesh","password":"sid"} 
Tue Aug 13 2024 00:13:31 GMT+0530 (India Standard Time) - POST - /regLoginRt/login?username=siddesh&password=sid - {"username":"siddesh","password":"sid"} 
Tue Aug 13 2024 00:13:40 GMT+0530 (India Standard Time) - POST - /regLoginRt/login?username=siddesh&password=sid - {"username":"siddesh","password":"sid"} 
Tue Aug 13 2024 00:13:41 GMT+0530 (India Standard Time) - POST - /regLoginRt/login?username=siddesh&password=sid - {"username":"siddesh","password":"sid"} 
Tue Aug 13 2024 00:13:42 GMT+0530 (India Standard Time) - POST - /regLoginRt/login?username=siddesh&password=sid - {"username":"siddesh","password":"sid"} 
Tue Aug 13 2024 00:15:31 GMT+0530 (India Standard Time) - POST - /regLoginRt/login?username=siddesh&password=sid - {"username":"siddesh","password":"sid"} 
Tue Aug 13 2024 00:15:39 GMT+0530 (India Standard Time) - POST - /regLoginRt/login?username=siddesh&password=sid - {"username":"siddesh","password":"sid"} 
Tue Aug 13 2024 00:15:40 GMT+0530 (India Standard Time) - POST - /regLoginRt/login?username=siddesh&password=sid - {"username":"siddesh","password":"sid"} 
Tue Aug 13 2024 00:16:25 GMT+0530 (India Standard Time) - POST - /regLoginRt/login?username=siddesh&password=sid - {"username":"siddesh","password":"sid"} 
Tue Aug 13 2024 00:16:51 GMT+0530 (India Standard Time) - POST - /regLoginRt/login?username=siddesh&password=sid - {"username":"siddesh","password":"sid"} 
Tue Aug 13 2024 00:17:05 GMT+0530 (India Standard Time) - POST - /regLoginRt/login?username=siddesh&password=sid - {"username":"siddesh","password":"sid"} 
Tue Aug 13 2024 00:17:08 GMT+0530 (India Standard Time) - POST - /regLoginRt/login?username=siddesh&password=sid - {"username":"siddesh","password":"sid"} 
Tue Aug 13 2024 00:17:13 GMT+0530 (India Standard Time) - POST - /regLoginRt/login?username=siddesh&password=sid - {"username":"siddesh","password":"sid"} 
Tue Aug 13 2024 00:18:03 GMT+0530 (India Standard Time) - POST - /regLoginRt/login?username=siddesh&password=sid - {"username":"siddesh","password":"sid"} 
Tue Aug 13 2024 00:18:05 GMT+0530 (India Standard Time) - POST - /regLoginRt/login?username=siddesh&password=sid - {"username":"siddesh","password":"sid"} 
Tue Aug 13 2024 00:19:25 GMT+0530 (India Standard Time) - POST - /regLoginRt/login?username=siddesh&password=sid - {"username":"siddesh","password":"sid"} 
Tue Aug 13 2024 00:19:42 GMT+0530 (India Standard Time) - POST - /regLoginRt/login?username=siddesh&password=sid - {"username":"siddesh","password":"sid"} 
Tue Aug 13 2024 00:22:02 GMT+0530 (India Standard Time) - POST - /regLoginRt/login?username=siddesh&password=sid - {"username":"siddesh","password":"sid"} 
Tue Aug 13 2024 00:22:31 GMT+0530 (India Standard Time) - POST - /regLoginRt/login?username=sachin&password=1234 - {} 
Tue Aug 13 2024 00:22:54 GMT+0530 (India Standard Time) - POST - /regLoginRt/login?username=sachin&password=1234 - {} 
Tue Aug 13 2024 00:34:22 GMT+0530 (India Standard Time) - POST - /regLoginRt/login?username=siddesh&password=sid - {"username":"siddesh","password":"sid"} 
Tue Aug 13 2024 00:34:24 GMT+0530 (India Standard Time) - POST - /regLoginRt/login?username=siddesh&password=sid - {"username":"siddesh","password":"sid"} 
Tue Aug 13 2024 00:37:17 GMT+0530 (India Standard Time) - POST - /regLoginRt/login?username=siddesh&password=sid - {"username":"siddesh","password":"sid"} 
Tue Aug 13 2024 00:38:17 GMT+0530 (India Standard Time) - POST - /regLoginRt/login?username=siddesh&password=sid - {"username":"siddesh","password":"sid"} 
Tue Aug 13 2024 00:38:37 GMT+0530 (India Standard Time) - POST - /regLoginRt/login?username=siddesh&password=sid - {"username":"siddesh","password":"sid"} 
Tue Aug 13 2024 21:29:57 GMT+0530 (India Standard Time) - POST - /regLoginRt/login?username=siddesh&password=sid - {"username":"siddesh","password":"sid"} 
Tue Aug 13 2024 21:30:21 GMT+0530 (India Standard Time) - POST - /regLoginRt/login?username=siddesh&password=sid - {"username":"siddesh","password":"sid"} 
Tue Aug 13 2024 22:11:10 GMT+0530 (India Standard Time) - POST - /regLoginRt/login?username=siddesh&password=sid - {"username":"siddesh","password":"sid"} 
Tue Aug 13 2024 22:13:30 GMT+0530 (India Standard Time) - POST - /regLoginRt/login?username=siddesh&password=sid - {"username":"siddesh","password":"sid"} 
Tue Aug 13 2024 22:17:45 GMT+0530 (India Standard Time) - POST - /regLoginRt/login?username=siddesh&password=sid - {"username":"siddesh","password":"sid"} 
Sun Aug 18 2024 11:53:11 GMT+0530 (India Standard Time) - GET - /regLoginRt/login - {} 
Sun Aug 18 2024 11:54:08 GMT+0530 (India Standard Time) - GET - /regLoginRt/login - {} 
Sun Aug 18 2024 11:55:46 GMT+0530 (India Standard Time) - GET - /regLoginRt/login?username=siddesh&password=sid - {} 
Sun Aug 18 2024 11:56:00 GMT+0530 (India Standard Time) - GET - /regLoginRt/login?username=siddesh&password=sid - {} 
Sun Aug 18 2024 11:57:52 GMT+0530 (India Standard Time) - GET - /regLoginRt/login?username=siddesh&password=sid - {} 
Sun Aug 18 2024 11:59:56 GMT+0530 (India Standard Time) - GET - /regLoginRt/login?username=siddesh&password=sid - {} 
Sun Aug 18 2024 12:03:06 GMT+0530 (India Standard Time) - GET - /regLoginRt/login?username=siddesh&password=sid - {} 
Sun Aug 18 2024 12:04:02 GMT+0530 (India Standard Time) - GET - /regLoginRt/login?username=siddesh&password=sid - {} 
Sun Aug 18 2024 12:06:57 GMT+0530 (India Standard Time) - GET - /regLoginRt/login?username=siddesh&password=sid - {} 
Sun Aug 18 2024 12:07:18 GMT+0530 (India Standard Time) - GET - /regLoginRt/login?username=siddesh&password=sid - {} 
Sun Aug 18 2024 12:11:08 GMT+0530 (India Standard Time) - GET - /regLoginRt/login?username=siddesh&password=sid - {} 
Sun Aug 18 2024 12:36:55 GMT+0530 (India Standard Time) - GET - /regLoginRt/login?username=siddesh&password=sid - {} 
Sun Aug 18 2024 12:38:04 GMT+0530 (India Standard Time) - GET - /regLoginRt/login?username=siddesh&password=sid - {} 
Sun Aug 18 2024 12:49:40 GMT+0530 (India Standard Time) - GET - /regLoginRt/login?username=siddesh&password=sid - {} 
Sun Aug 18 2024 12:49:50 GMT+0530 (India Standard Time) - GET - /regLoginRt/login?username=siddesh&password=sid - {} 
Sun Aug 18 2024 12:56:40 GMT+0530 (India Standard Time) - IP: ::1 - GET - /regLoginRt/login?username=siddesh&password=sid - undefined
Mon Aug 19 2024 22:24:05 GMT+0530 (India Standard Time) - IP: ::ffff:127.0.0.1 - POST - /regLoginRt/login?username=siddesh&password=sid - undefined
Mon Aug 19 2024 22:24:46 GMT+0530 (India Standard Time) - IP: ::ffff:127.0.0.1 - POST - /regLoginRt/login?username=siddesh&password=sid - undefined
Mon Aug 19 2024 22:25:03 GMT+0530 (India Standard Time) - IP: ::ffff:127.0.0.1 - POST - /regLoginRt/login?username=siddesh&password=sid - undefined
Mon Aug 19 2024 22:25:18 GMT+0530 (India Standard Time) - IP: ::ffff:127.0.0.1 - POST - /regLoginRt/login?username=siddesh&password=sid - undefined
Mon Aug 19 2024 22:25:36 GMT+0530 (India Standard Time) - IP: ::ffff:127.0.0.1 - POST - /regLoginRt/login?username=siddesh&password=sid - undefined
Mon Aug 19 2024 22:25:38 GMT+0530 (India Standard Time) - IP: ::ffff:127.0.0.1 - POST - /regLoginRt/login?username=siddesh&password=sid - undefined
Mon Aug 19 2024 22:27:47 GMT+0530 (India Standard Time) - IP: ::ffff:127.0.0.1 - POST - /regLoginRt/login?username=siddesh&password=sid - undefined
Mon Aug 19 2024 22:28:54 GMT+0530 (India Standard Time) - IP: ::ffff:127.0.0.1 - POST - /regLoginRt/login?username=siddesh&password=sid - undefined
Mon Aug 19 2024 22:30:38 GMT+0530 (India Standard Time) - IP: ::ffff:127.0.0.1 - POST - /regLoginRt/login?username=siddesh&password=sid - undefined
Mon Aug 19 2024 22:31:11 GMT+0530 (India Standard Time) - IP: ::ffff:127.0.0.1 - POST - /regLoginRt/login?username=siddesh&password=sid - undefined
Mon Aug 19 2024 22:33:20 GMT+0530 (India Standard Time) - IP: ::ffff:127.0.0.1 - POST - /regLoginRt/login?username=siddesh&password=sid - undefined
Mon Aug 19 2024 22:34:48 GMT+0530 (India Standard Time) - IP: ::ffff:127.0.0.1 - POST - /regLoginRt/login?username=siddesh&password=sid - undefined
Mon Aug 19 2024 22:35:28 GMT+0530 (India Standard Time) - IP: ::ffff:127.0.0.1 - POST - /regLoginRt/login?username=siddesh&password=sid - undefined
Mon Aug 19 2024 22:36:18 GMT+0530 (India Standard Time) - IP: ::ffff:127.0.0.1 - POST - /regLoginRt/login?username=siddesh&password=sid - undefined
Mon Aug 19 2024 22:37:11 GMT+0530 (India Standard Time) - IP: ::ffff:127.0.0.1 - POST - /regLoginRt/login?username=siddesh&password=sid - undefined
Mon Aug 19 2024 22:37:18 GMT+0530 (India Standard Time) - IP: ::ffff:127.0.0.1 - POST - /regLoginRt/login?username=siddesh&password=sid - undefined
Mon Aug 19 2024 22:49:39 GMT+0530 (India Standard Time) - IP: ::ffff:127.0.0.1 - POST - /regLoginRt/login?username=siddesh&password=sid - undefined
Mon Aug 19 2024 22:55:23 GMT+0530 (India Standard Time) - IP: ::1 - POST - /regLoginRt/login?username=siddesh&password=sid - undefined
Mon Aug 19 2024 22:56:27 GMT+0530 (India Standard Time) - IP: ::ffff:127.0.0.1 - POST - /regLoginRt/login?username=siddesh&password=sid - undefined
Mon Aug 19 2024 22:56:42 GMT+0530 (India Standard Time) - IP: ::ffff:127.0.0.1 - POST - /regLoginRt/login?username=siddesh&password=sid - undefined
Mon Aug 19 2024 22:57:03 GMT+0530 (India Standard Time) - IP: ::ffff:127.0.0.1 - POST - /regLoginRt/login?username=siddesh&password=sid - undefined
Mon Aug 19 2024 22:57:32 GMT+0530 (India Standard Time) - IP: ::ffff:127.0.0.1 - POST - /regLoginRt/login?username=siddesh&password=sid - undefined
Mon Aug 19 2024 22:58:30 GMT+0530 (India Standard Time) - IP: ::ffff:127.0.0.1 - POST - /regLoginRt/login?username=siddesh&password=sid - undefined
Mon Aug 19 2024 22:59:34 GMT+0530 (India Standard Time) - IP: ::ffff:127.0.0.1 - POST - /regLoginRt/login?username=siddesh&password=sid - undefined
Mon Aug 19 2024 23:00:04 GMT+0530 (India Standard Time) - IP: ::ffff:127.0.0.1 - POST - /regLoginRt/login?username=siddesh&password=sid - undefined
Mon Aug 19 2024 23:00:47 GMT+0530 (India Standard Time) - IP: ::ffff:127.0.0.1 - POST - /regLoginRt/login?username=siddesh&password=sid - undefined
Mon Aug 19 2024 23:01:25 GMT+0530 (India Standard Time) - IP: ::ffff:127.0.0.1 - POST - /regLoginRt/login?username=siddesh&password=sid - undefined
Mon Aug 19 2024 23:02:53 GMT+0530 (India Standard Time) - IP: ::ffff:127.0.0.1 - POST - /regLoginRt/login?username=siddesh&password=sid - undefined
Mon Aug 19 2024 23:03:12 GMT+0530 (India Standard Time) - IP: ::ffff:127.0.0.1 - POST - /regLoginRt/login?username=siddesh&password=sidg - undefined
Mon Aug 19 2024 23:03:44 GMT+0530 (India Standard Time) - IP: ::ffff:127.0.0.1 - POST - /regLoginRt/login?username=siddesh&password=sid - undefined
Mon Aug 19 2024 23:04:49 GMT+0530 (India Standard Time) - IP: ::ffff:127.0.0.1 - POST - /regLoginRt/login?username=siddeshk&password=sid - undefined
Mon Aug 19 2024 23:04:56 GMT+0530 (India Standard Time) - IP: ::ffff:127.0.0.1 - POST - /regLoginRt/login?username=siddesh&password=sidk - undefined
Mon Aug 19 2024 23:05:01 GMT+0530 (India Standard Time) - IP: ::ffff:127.0.0.1 - POST - /regLoginRt/login?username=siddesh&password=sid - undefined
Mon Aug 19 2024 23:09:22 GMT+0530 (India Standard Time) - IP: ::ffff:127.0.0.1 - POST - /regLoginRt/login?username=siddesh&password=sid - undefined
Mon Aug 19 2024 23:10:01 GMT+0530 (India Standard Time) - IP: ::ffff:127.0.0.1 - POST - /regLoginRt/login?username=siddesh&password=sid - undefined
Tue Aug 20 2024 10:14:37 GMT+0530 (India Standard Time) - IP: ::ffff:127.0.0.1 - POST - /regLoginRt/login/ - undefined
Tue Aug 20 2024 10:14:59 GMT+0530 (India Standard Time) - IP: ::ffff:127.0.0.1 - POST - /regLoginRt/login/ - undefined
Tue Aug 20 2024 10:15:03 GMT+0530 (India Standard Time) - IP: ::ffff:127.0.0.1 - POST - /regLoginRt/login/ - undefined
Tue Aug 20 2024 10:15:09 GMT+0530 (India Standard Time) - IP: ::ffff:127.0.0.1 - POST - /regLoginRt/login/ - undefined
Tue Aug 20 2024 10:16:02 GMT+0530 (India Standard Time) - IP: ::ffff:127.0.0.1 - POST - /regLoginRt/login/ - undefined
Tue Aug 20 2024 10:16:19 GMT+0530 (India Standard Time) - IP: ::ffff:127.0.0.1 - POST - /regLoginRt/login/ - undefined
Tue Aug 20 2024 10:16:35 GMT+0530 (India Standard Time) - IP: ::ffff:127.0.0.1 - POST - /regLoginRt/login/ - undefined
Tue Aug 20 2024 10:16:52 GMT+0530 (India Standard Time) - IP: ::ffff:127.0.0.1 - POST - /regLoginRt/login/ - undefined
Tue Aug 20 2024 10:19:56 GMT+0530 (India Standard Time) - IP: ::ffff:127.0.0.1 - POST - /regLoginRt/login/ - undefined
Tue Aug 20 2024 10:20:53 GMT+0530 (India Standard Time) - IP: ::ffff:127.0.0.1 - POST - /regLoginRt/login?username=siddesh&password=sid - undefined
Tue Aug 20 2024 10:26:48 GMT+0530 (India Standard Time) - IP: ::ffff:127.0.0.1 - POST - /regLoginRt/login?username=siddesh&password=sid - undefined
Tue Aug 20 2024 10:27:22 GMT+0530 (India Standard Time) - IP: ::ffff:127.0.0.1 - POST - /regLoginRt/login?username=siddesh&password=sid - undefined
Tue Aug 20 2024 10:27:58 GMT+0530 (India Standard Time) - IP: ::ffff:127.0.0.1 - POST - /regLoginRt/login?username=siddesh&password=sid - undefined
Tue Aug 20 2024 10:28:40 GMT+0530 (India Standard Time) - IP: ::ffff:127.0.0.1 - POST - /regLoginRt/login?username=siddesh&password=sid - undefined
Tue Aug 20 2024 10:29:13 GMT+0530 (India Standard Time) - IP: ::ffff:127.0.0.1 - POST - /regLoginRt/login - undefined
Tue Aug 20 2024 10:30:16 GMT+0530 (India Standard Time) - IP: ::ffff:127.0.0.1 - POST - /regLoginRt/login - undefined
Tue Aug 20 2024 10:30:24 GMT+0530 (India Standard Time) - IP: ::ffff:127.0.0.1 - POST - /regLoginRt/login - undefined
Tue Aug 20 2024 10:30:46 GMT+0530 (India Standard Time) - IP: ::ffff:127.0.0.1 - POST - /regLoginRt/login - undefined
Tue Aug 20 2024 10:34:11 GMT+0530 (India Standard Time) - IP: ::ffff:127.0.0.1 - POST - /regLoginRt/login - undefined
Tue Aug 20 2024 12:46:55 GMT+0530 (India Standard Time) - IP: ::ffff:127.0.0.1 - GET - /regLoginRt/login - undefined
Tue Aug 20 2024 12:47:05 GMT+0530 (India Standard Time) - IP: ::ffff:127.0.0.1 - POST - /regLoginRt/login - undefined
Tue Aug 20 2024 12:49:09 GMT+0530 (India Standard Time) - IP: ::ffff:127.0.0.1 - POST - /regLoginRt/login - undefined
Tue Aug 20 2024 13:28:40 GMT+0530 (India Standard Time) - IP: ::ffff:127.0.0.1 - POST - /regLoginRt/login?username=siddesh&password=sid - undefined
Tue Aug 20 2024 13:29:08 GMT+0530 (India Standard Time) - IP: ::ffff:127.0.0.1 - GET - /regLoginRt/login?username=siddesh&password=sid - undefined
Tue Aug 20 2024 13:29:18 GMT+0530 (India Standard Time) - IP: ::ffff:127.0.0.1 - GET - /regLoginRt/login?username=siddesh&password=sid - undefined
Tue Aug 20 2024 13:29:31 GMT+0530 (India Standard Time) - IP: ::ffff:127.0.0.1 - POST - /regLoginRt/login?username=siddesh&password=si - undefined
Tue Aug 20 2024 13:36:34 GMT+0530 (India Standard Time) - IP: ::ffff:127.0.0.1 - POST - /regLoginRt/login?username=siddesh&password=sid - undefined
Tue Aug 20 2024 13:52:43 GMT+0530 (India Standard Time) - IP: ::ffff:127.0.0.1 - GET - /regLoginRt/login?username=siddesh&password=sid - undefined
Tue Aug 20 2024 13:53:19 GMT+0530 (India Standard Time) - IP: ::ffff:127.0.0.1 - POST - /regLoginRt/login?username=siddesh&password=sidd - undefined
Tue Aug 20 2024 13:53:24 GMT+0530 (India Standard Time) - IP: ::ffff:127.0.0.1 - POST - /regLoginRt/login?username=siddesh&password=sid - undefined
Tue Aug 20 2024 14:37:21 GMT+0530 (India Standard Time) - IP: ::ffff:127.0.0.1 - POST - /regLoginRt/login?username=siddesh&password=sid - undefined
Tue Aug 20 2024 14:40:05 GMT+0530 (India Standard Time) - IP: ::ffff:127.0.0.1 - POST - /regLoginRt/login - undefined
Wed Aug 21 2024 08:22:16 GMT+0530 (India Standard Time) - IP: ::ffff:127.0.0.1 - POST - /regLoginRt/login - undefined
Wed Aug 21 2024 08:26:33 GMT+0530 (India Standard Time) - IP: ::ffff:127.0.0.1 - POST - /regLoginRt/login - undefined
Wed Aug 21 2024 08:27:23 GMT+0530 (India Standard Time) - IP: ::ffff:127.0.0.1 - POST - /regLoginRt/login - undefined
Wed Aug 21 2024 08:27:46 GMT+0530 (India Standard Time) - IP: ::ffff:127.0.0.1 - POST - /regLoginRt/login - undefined
Wed Aug 21 2024 08:52:39 GMT+0530 (India Standard Time) - IP: ::ffff:127.0.0.1 - GET - /regLoginRt/login - undefined
Wed Aug 21 2024 09:41:17 GMT+0530 (India Standard Time) - IP: ::ffff:127.0.0.1 - GET - /regLoginRt/login - undefined
Wed Aug 21 2024 09:48:59 GMT+0530 (India Standard Time) - IP: ::ffff:127.0.0.1 - POST - /regLoginRt/login - undefined
Wed Aug 21 2024 10:25:00 GMT+0530 (India Standard Time) - IP: ::ffff:127.0.0.1 - POST - /regLoginRt/login - undefined
Wed Aug 21 2024 10:25:07 GMT+0530 (India Standard Time) - IP: ::ffff:127.0.0.1 - POST - /regLoginRt/login - undefined
Wed Aug 21 2024 10:37:54 GMT+0530 (India Standard Time) - IP: ::ffff:127.0.0.1 - POST - /regLoginRt/login - undefined
Wed Aug 21 2024 11:29:38 GMT+0530 (India Standard Time) - IP: ::ffff:127.0.0.1 - POST - /regLoginRt/login - undefined
Wed Aug 21 2024 11:49:15 GMT+0530 (India Standard Time) - IP: ::ffff:127.0.0.1 - POST - /regLoginRt/login - undefined
Wed Aug 21 2024 11:49:26 GMT+0530 (India Standard Time) - IP: ::ffff:127.0.0.1 - POST - /regLoginRt/login - undefined
Wed Aug 21 2024 11:53:27 GMT+0530 (India Standard Time) - IP: ::ffff:127.0.0.1 - POST - /regLoginRt/login - undefined
Wed Aug 21 2024 11:54:31 GMT+0530 (India Standard Time) - IP: ::ffff:127.0.0.1 - POST - /regLoginRt/login - undefined
Wed Aug 21 2024 12:01:52 GMT+0530 (India Standard Time) - IP: ::ffff:127.0.0.1 - POST - /regLoginRt/login - undefined
Wed Aug 21 2024 12:02:31 GMT+0530 (India Standard Time) - IP: ::ffff:127.0.0.1 - POST - /regLoginRt/login - undefined
Wed Aug 21 2024 12:04:44 GMT+0530 (India Standard Time) - IP: ::ffff:127.0.0.1 - POST - /regLoginRt/login - undefined
Wed Aug 21 2024 14:13:10 GMT+0530 (India Standard Time) - IP: ::ffff:127.0.0.1 - POST - /regLoginRt/login - undefined
Wed Aug 21 2024 14:13:12 GMT+0530 (India Standard Time) - IP: ::ffff:127.0.0.1 - POST - /regLoginRt/login - undefined
Wed Aug 21 2024 14:15:36 GMT+0530 (India Standard Time) - IP: ::ffff:127.0.0.1 - POST - /regLoginRt/login - undefined
Wed Aug 21 2024 14:16:13 GMT+0530 (India Standard Time) - IP: ::ffff:127.0.0.1 - POST - /regLoginRt/login - undefined
Wed Aug 21 2024 14:49:04 GMT+0530 (India Standard Time) - IP: ::ffff:127.0.0.1 - POST - /regLoginRt/login - undefined
Wed Aug 21 2024 14:49:13 GMT+0530 (India Standard Time) - IP: ::ffff:127.0.0.1 - POST - /regLoginRt/login - undefined
Wed Aug 21 2024 15:16:43 GMT+0530 (India Standard Time) - IP: ::ffff:127.0.0.1 - POST - /regLoginRt/login - undefined
Wed Aug 21 2024 15:24:12 GMT+0530 (India Standard Time) - IP: ::ffff:127.0.0.1 - POST - /regLoginRt/login - undefined
Wed Aug 21 2024 15:37:59 GMT+0530 (India Standard Time) - IP: ::ffff:127.0.0.1 - POST - /regLoginRt/login - undefined
Wed Aug 21 2024 15:38:08 GMT+0530 (India Standard Time) - IP: ::ffff:127.0.0.1 - POST - /regLoginRt/login - undefined
Wed Aug 21 2024 16:55:45 GMT+0530 (India Standard Time) - IP: ::ffff:127.0.0.1 - POST - /regLoginRt/login - undefined
Wed Aug 21 2024 16:56:00 GMT+0530 (India Standard Time) - IP: ::ffff:127.0.0.1 - POST - /regLoginRt/login - undefined
Wed Aug 21 2024 16:56:45 GMT+0530 (India Standard Time) - IP: ::ffff:127.0.0.1 - POST - /regLoginRt/login - undefined
Wed Aug 21 2024 17:59:18 GMT+0530 (India Standard Time) - IP: ::ffff:127.0.0.1 - POST - /regLoginRt/login - undefined
Wed Aug 21 2024 17:59:39 GMT+0530 (India Standard Time) - IP: ::ffff:127.0.0.1 - POST - /regLoginRt/login - undefined
Wed Aug 21 2024 17:59:59 GMT+0530 (India Standard Time) - IP: ::ffff:127.0.0.1 - POST - /regLoginRt/login - undefined
Wed Aug 21 2024 19:24:05 GMT+0530 (India Standard Time) - IP: ::ffff:127.0.0.1 - POST - /regLoginRt/login - undefined
Wed Aug 21 2024 19:24:47 GMT+0530 (India Standard Time) - IP: ::ffff:127.0.0.1 - POST - /regLoginRt/login - undefined
Wed Aug 21 2024 19:24:56 GMT+0530 (India Standard Time) - IP: ::ffff:127.0.0.1 - POST - /regLoginRt/login - undefined
Wed Aug 21 2024 19:26:29 GMT+0530 (India Standard Time) - IP: ::ffff:127.0.0.1 - POST - /regLoginRt/login - undefined
Wed Aug 21 2024 20:28:37 GMT+0530 (India Standard Time) - IP: ::ffff:127.0.0.1 - POST - /regLoginRt/login - undefined
Wed Aug 21 2024 20:29:03 GMT+0530 (India Standard Time) - IP: ::ffff:127.0.0.1 - POST - /regLoginRt/login - undefined
Wed Aug 21 2024 20:29:46 GMT+0530 (India Standard Time) - IP: ::ffff:127.0.0.1 - POST - /regLoginRt/login - undefined
Wed Aug 21 2024 20:29:47 GMT+0530 (India Standard Time) - IP: ::ffff:127.0.0.1 - POST - /regLoginRt/login - undefined
Wed Aug 21 2024 21:33:54 GMT+0530 (India Standard Time) - IP: ::ffff:127.0.0.1 - POST - /regLoginRt/login - undefined
Wed Aug 21 2024 22:38:36 GMT+0530 (India Standard Time) - IP: ::ffff:127.0.0.1 - POST - /regLoginRt/login - undefined
Wed Aug 21 2024 22:38:57 GMT+0530 (India Standard Time) - IP: ::ffff:127.0.0.1 - POST - /regLoginRt/login - undefined
Thu Aug 22 2024 08:49:03 GMT+0530 (India Standard Time) - IP: ::ffff:127.0.0.1 - POST - /regLoginRt/login - undefined
Thu Aug 22 2024 08:49:45 GMT+0530 (India Standard Time) - IP: ::ffff:127.0.0.1 - POST - /regLoginRt/login - undefined
Thu Aug 22 2024 08:49:47 GMT+0530 (India Standard Time) - IP: ::ffff:127.0.0.1 - POST - /regLoginRt/login - undefined
Thu Aug 22 2024 08:49:53 GMT+0530 (India Standard Time) - IP: ::ffff:127.0.0.1 - POST - /regLoginRt/login - undefined
Thu Aug 22 2024 08:50:16 GMT+0530 (India Standard Time) - IP: ::ffff:127.0.0.1 - POST - /regLoginRt/login - undefined
Thu Aug 22 2024 08:55:22 GMT+0530 (India Standard Time) - IP: ::ffff:127.0.0.1 - POST - /regLoginRt/login - undefined
Thu Aug 22 2024 08:55:43 GMT+0530 (India Standard Time) - IP: ::ffff:127.0.0.1 - POST - /regLoginRt/login - undefined
Thu Aug 22 2024 08:56:01 GMT+0530 (India Standard Time) - IP: ::ffff:127.0.0.1 - POST - /regLoginRt/login - undefined
Thu Aug 22 2024 08:56:03 GMT+0530 (India Standard Time) - IP: ::ffff:127.0.0.1 - POST - /regLoginRt/login - undefined
Thu Aug 22 2024 08:56:11 GMT+0530 (India Standard Time) - IP: ::ffff:127.0.0.1 - POST - /regLoginRt/login - undefined
Thu Aug 22 2024 08:56:29 GMT+0530 (India Standard Time) - IP: ::ffff:127.0.0.1 - POST - /regLoginRt/login - undefined
Thu Aug 22 2024 08:56:31 GMT+0530 (India Standard Time) - IP: ::ffff:127.0.0.1 - POST - /regLoginRt/login - undefined
Fri Aug 23 2024 09:32:16 GMT+0530 (India Standard Time) - IP: ::ffff:127.0.0.1 - POST - /regLoginRt/login - undefined
Fri Aug 23 2024 09:32:40 GMT+0530 (India Standard Time) - IP: ::ffff:127.0.0.1 - POST - /regLoginRt/login - undefined
Fri Aug 23 2024 09:32:42 GMT+0530 (India Standard Time) - IP: ::ffff:127.0.0.1 - POST - /regLoginRt/login - undefined
Sat Aug 24 2024 12:45:13 GMT+0530 (India Standard Time) - IP: ::ffff:127.0.0.1 - POST - /regLoginRt/login - undefined
Sat Aug 24 2024 12:55:48 GMT+0530 (India Standard Time) - IP: ::ffff:127.0.0.1 - POST - /regLoginRt/login - undefined
Mon Aug 26 2024 00:48:06 GMT+0530 (India Standard Time) - IP: ::ffff:127.0.0.1 - GET - /regLoginRt/login?username=siddesh&password=sid - undefined
Wed Sep 04 2024 14:55:45 GMT+0530 (India Standard Time) - IP: ::ffff:127.0.0.1 - POST - /regLoginRt/login - undefined
Wed Sep 04 2024 14:56:18 GMT+0530 (India Standard Time) - IP: ::ffff:127.0.0.1 - POST - /regLoginRt/login - undefined
Wed Sep 04 2024 15:22:53 GMT+0530 (India Standard Time) - IP: ::ffff:127.0.0.1 - POST - /regLoginRt/login - undefined
Wed Sep 04 2024 15:27:00 GMT+0530 (India Standard Time) - IP: ::ffff:127.0.0.1 - POST - /regLoginRt/login - undefined
Wed Sep 04 2024 17:12:29 GMT+0530 (India Standard Time) - IP: ::ffff:127.0.0.1 - POST - /regLoginRt/login - undefined
Wed Sep 04 2024 17:15:56 GMT+0530 (India Standard Time) - IP: ::ffff:127.0.0.1 - POST - /regLoginRt/login - undefined
Wed Sep 04 2024 17:17:41 GMT+0530 (India Standard Time) - IP: ::ffff:127.0.0.1 - POST - /regLoginRt/login - undefined
Thu Sep 05 2024 10:01:03 GMT+0530 (India Standard Time) - IP: ::ffff:127.0.0.1 - POST - /regLoginRt/login - undefined
Thu Sep 05 2024 12:18:58 GMT+0530 (India Standard Time) - IP: ::ffff:127.0.0.1 - POST - /regLoginRt/login - undefined
Thu Sep 05 2024 12:36:35 GMT+0530 (India Standard Time) - IP: ::ffff:127.0.0.1 - POST - /regLoginRt/login - undefined
Thu Sep 05 2024 12:47:37 GMT+0530 (India Standard Time) - IP: ::1 - POST - /gMapRt/nearby - undefined
Thu Sep 05 2024 12:47:43 GMT+0530 (India Standard Time) - IP: ::1 - POST - /gMapRt/nearby - undefined
Thu Sep 05 2024 12:49:02 GMT+0530 (India Standard Time) - IP: ::1 - POST - /gMapRt/nearby - undefined
Thu Sep 05 2024 12:49:14 GMT+0530 (India Standard Time) - IP: ::1 - POST - /gMapRt/nearby - undefined
Thu Sep 05 2024 12:49:19 GMT+0530 (India Standard Time) - IP: ::1 - POST - /gMapRt/nearby - undefined
Thu Sep 05 2024 12:49:58 GMT+0530 (India Standard Time) - IP: ::1 - POST - /gMapRt/nearby - undefined
Thu Sep 05 2024 12:50:27 GMT+0530 (India Standard Time) - IP: ::1 - POST - /gMapRt/nearby - undefined
Thu Sep 05 2024 12:51:30 GMT+0530 (India Standard Time) - IP: ::1 - POST - /gMapRt/nearby - undefined
Thu Sep 05 2024 12:51:30 GMT+0530 (India Standard Time) - IP: ::1 - POST - /gMapRt/nearby - undefined
Thu Sep 05 2024 12:53:06 GMT+0530 (India Standard Time) - IP: ::1 - POST - /gMapRt/nearby - undefined
Thu Sep 05 2024 12:53:06 GMT+0530 (India Standard Time) - IP: ::1 - POST - /gMapRt/nearby - undefined
Thu Sep 05 2024 12:55:14 GMT+0530 (India Standard Time) - IP: ::1 - POST - /gMapRt/nearby - undefined
Thu Sep 05 2024 12:55:14 GMT+0530 (India Standard Time) - IP: ::1 - POST - /gMapRt/nearby - undefined
Thu Sep 05 2024 13:01:03 GMT+0530 (India Standard Time) - IP: ::1 - POST - /gMapRt/nearby - undefined
Thu Sep 05 2024 13:01:03 GMT+0530 (India Standard Time) - IP: ::1 - POST - /gMapRt/nearby - undefined
Thu Sep 05 2024 13:05:07 GMT+0530 (India Standard Time) - IP: ::1 - POST - /gMapRt/nearby - undefined
Thu Sep 05 2024 13:05:11 GMT+0530 (India Standard Time) - IP: ::1 - POST - /gMapRt/nearby - undefined
Thu Sep 05 2024 13:05:59 GMT+0530 (India Standard Time) - IP: ::1 - POST - /gMapRt/nearby - undefined
Thu Sep 05 2024 13:05:59 GMT+0530 (India Standard Time) - IP: ::1 - POST - /gMapRt/nearby - undefined
Thu Sep 05 2024 13:05:59 GMT+0530 (India Standard Time) - IP: ::1 - POST - /gMapRt/nearby - undefined
Thu Sep 05 2024 13:05:59 GMT+0530 (India Standard Time) - IP: ::1 - POST - /gMapRt/nearby - undefined
Thu Sep 05 2024 13:05:59 GMT+0530 (India Standard Time) - IP: ::1 - POST - /gMapRt/nearby - undefined
Thu Sep 05 2024 13:06:51 GMT+0530 (India Standard Time) - IP: ::1 - POST - /gMapRt/nearby - undefined
Thu Sep 05 2024 13:06:51 GMT+0530 (India Standard Time) - IP: ::1 - POST - /gMapRt/nearby - undefined
Thu Sep 05 2024 13:06:51 GMT+0530 (India Standard Time) - IP: ::1 - POST - /gMapRt/nearby - undefined
Thu Sep 05 2024 13:06:51 GMT+0530 (India Standard Time) - IP: ::1 - POST - /gMapRt/nearby - undefined
Thu Sep 05 2024 13:06:51 GMT+0530 (India Standard Time) - IP: ::1 - POST - /gMapRt/nearby - undefined
Thu Sep 05 2024 13:06:51 GMT+0530 (India Standard Time) - IP: ::1 - POST - /gMapRt/nearby - undefined
Thu Sep 05 2024 13:07:43 GMT+0530 (India Standard Time) - IP: ::1 - POST - /gMapRt/nearby - undefined
Thu Sep 05 2024 13:07:43 GMT+0530 (India Standard Time) - IP: ::1 - POST - /gMapRt/nearby - undefined
Thu Sep 05 2024 13:07:43 GMT+0530 (India Standard Time) - IP: ::1 - POST - /gMapRt/nearby - undefined
Thu Sep 05 2024 13:07:43 GMT+0530 (India Standard Time) - IP: ::1 - POST - /gMapRt/nearby - undefined
Thu Sep 05 2024 13:07:43 GMT+0530 (India Standard Time) - IP: ::1 - POST - /gMapRt/nearby - undefined
Thu Sep 05 2024 13:08:03 GMT+0530 (India Standard Time) - IP: ::1 - POST - /gMapRt/nearby - undefined
Thu Sep 05 2024 13:08:09 GMT+0530 (India Standard Time) - IP: ::1 - POST - /gMapRt/nearby - undefined
Thu Sep 05 2024 13:09:21 GMT+0530 (India Standard Time) - IP: ::1 - POST - /gMapRt/nearby - undefined
Thu Sep 05 2024 13:09:21 GMT+0530 (India Standard Time) - IP: ::1 - POST - /gMapRt/nearby - undefined
Thu Sep 05 2024 13:10:32 GMT+0530 (India Standard Time) - IP: ::1 - POST - /gMapRt/nearby - undefined
Thu Sep 05 2024 13:10:32 GMT+0530 (India Standard Time) - IP: ::1 - POST - /gMapRt/nearby - undefined
Thu Sep 05 2024 13:10:44 GMT+0530 (India Standard Time) - IP: ::1 - POST - /gMapRt/nearby - undefined
Thu Sep 05 2024 13:10:44 GMT+0530 (India Standard Time) - IP: ::1 - POST - /gMapRt/nearby - undefined
Thu Sep 05 2024 14:32:21 GMT+0530 (India Standard Time) - IP: ::1 - POST - /gMapRt/nearby - undefined
Thu Sep 05 2024 14:42:17 GMT+0530 (India Standard Time) - IP: ::1 - POST - /gMapRt/nearby - undefined
Thu Sep 05 2024 14:42:53 GMT+0530 (India Standard Time) - IP: ::1 - POST - /gMapRt/nearby - undefined
Thu Sep 05 2024 14:58:32 GMT+0530 (India Standard Time) - IP: ::1 - POST - /gMapRt/nearby - undefined
Thu Sep 05 2024 15:20:49 GMT+0530 (India Standard Time) - IP: ::1 - POST - /gMapRt/nearby - undefined
Thu Sep 05 2024 15:22:47 GMT+0530 (India Standard Time) - IP: ::1 - POST - /gMapRt/nearby - undefined
Thu Sep 05 2024 15:22:48 GMT+0530 (India Standard Time) - IP: ::1 - POST - /gMapRt/nearby - undefined
Thu Sep 05 2024 15:23:08 GMT+0530 (India Standard Time) - IP: ::1 - POST - /gMapRt/nearby - undefined
Thu Sep 05 2024 15:26:25 GMT+0530 (India Standard Time) - IP: ::1 - POST - /gMapRt/nearby - undefined
Thu Sep 05 2024 15:26:49 GMT+0530 (India Standard Time) - IP: ::1 - POST - /gMapRt/nearby - undefined
Thu Sep 05 2024 15:34:24 GMT+0530 (India Standard Time) - IP: ::1 - POST - /gMapRt/nearby - undefined
Thu Sep 05 2024 15:34:31 GMT+0530 (India Standard Time) - IP: ::1 - POST - /gMapRt/nearby - undefined
Thu Sep 05 2024 15:34:35 GMT+0530 (India Standard Time) - IP: ::1 - POST - /gMapRt/nearby - undefined
Thu Sep 05 2024 15:35:06 GMT+0530 (India Standard Time) - IP: ::1 - POST - /gMapRt/nearby - undefined
Thu Sep 05 2024 15:35:43 GMT+0530 (India Standard Time) - IP: ::1 - POST - /gMapRt/nearby - undefined
Thu Sep 05 2024 15:36:03 GMT+0530 (India Standard Time) - IP: ::1 - POST - /gMapRt/nearby - undefined
Thu Sep 05 2024 15:36:10 GMT+0530 (India Standard Time) - IP: ::1 - POST - /gMapRt/nearby - undefined
Thu Sep 05 2024 15:36:19 GMT+0530 (India Standard Time) - IP: ::1 - POST - /gMapRt/nearby - undefined
Thu Sep 05 2024 15:36:31 GMT+0530 (India Standard Time) - IP: ::1 - POST - /gMapRt/nearby - undefined
Thu Sep 05 2024 15:43:48 GMT+0530 (India Standard Time) - IP: ::1 - POST - /gMapRt/nearby - undefined
Thu Sep 05 2024 15:44:56 GMT+0530 (India Standard Time) - IP: ::1 - POST - /gMapRt/nearby - undefined
Thu Sep 05 2024 15:46:56 GMT+0530 (India Standard Time) - IP: ::1 - POST - /gMapRt/nearby - undefined
Thu Sep 05 2024 15:47:02 GMT+0530 (India Standard Time) - IP: ::1 - POST - /gMapRt/nearby - undefined
Thu Sep 05 2024 15:47:10 GMT+0530 (India Standard Time) - IP: ::1 - POST - /gMapRt/nearby - undefined
Thu Sep 05 2024 15:47:15 GMT+0530 (India Standard Time) - IP: ::1 - POST - /gMapRt/nearby - undefined
Thu Sep 05 2024 15:52:53 GMT+0530 (India Standard Time) - IP: ::1 - POST - /gMapRt/nearby - undefined
Thu Sep 05 2024 15:56:13 GMT+0530 (India Standard Time) - IP: ::1 - POST - /gMapRt/nearby - undefined
Thu Sep 05 2024 16:05:21 GMT+0530 (India Standard Time) - IP: ::1 - POST - /gMapRt/nearby - undefined
Thu Sep 05 2024 16:06:15 GMT+0530 (India Standard Time) - IP: ::ffff:127.0.0.1 - POST - /regLoginRt/login - undefined
Thu Sep 05 2024 16:59:57 GMT+0530 (India Standard Time) - IP: ::1 - POST - /gMapRt/nearby - undefined
Thu Sep 05 2024 17:00:10 GMT+0530 (India Standard Time) - IP: ::1 - POST - /gMapRt/nearby - undefined
Thu Sep 05 2024 17:00:34 GMT+0530 (India Standard Time) - IP: ::1 - POST - /gMapRt/nearby - undefined
Thu Sep 05 2024 21:41:52 GMT+0530 (India Standard Time) - IP: ::ffff:127.0.0.1 - POST - /regLoginRt/register - undefined
Thu Sep 05 2024 21:42:41 GMT+0530 (India Standard Time) - IP: ::ffff:127.0.0.1 - POST - /regLoginRt/register - undefined
Thu Sep 05 2024 21:43:40 GMT+0530 (India Standard Time) - IP: ::ffff:127.0.0.1 - POST - /regLoginRt/register - undefined
Thu Sep 05 2024 21:44:33 GMT+0530 (India Standard Time) - IP: ::ffff:127.0.0.1 - POST - /regLoginRt/login - undefined
Thu Sep 05 2024 21:45:17 GMT+0530 (India Standard Time) - IP: ::ffff:127.0.0.1 - POST - /regLoginRt/login - undefined
Thu Sep 05 2024 21:47:09 GMT+0530 (India Standard Time) - IP: ::ffff:127.0.0.1 - POST - /regLoginRt/register - undefined
Thu Sep 05 2024 21:47:27 GMT+0530 (India Standard Time) - IP: ::ffff:127.0.0.1 - POST - /regLoginRt/register - undefined
Thu Sep 05 2024 21:47:53 GMT+0530 (India Standard Time) - IP: ::ffff:127.0.0.1 - POST - /regLoginRt/login - undefined
Thu Sep 05 2024 21:48:01 GMT+0530 (India Standard Time) - IP: ::ffff:127.0.0.1 - POST - /regLoginRt/login - undefined
Thu Sep 05 2024 21:49:36 GMT+0530 (India Standard Time) - IP: ::ffff:127.0.0.1 - POST - /regLoginRt/login - undefined
Thu Sep 05 2024 21:49:59 GMT+0530 (India Standard Time) - IP: ::ffff:127.0.0.1 - POST - /regLoginRt/login - undefined
Thu Sep 05 2024 21:52:20 GMT+0530 (India Standard Time) - IP: ::ffff:127.0.0.1 - POST - /regLoginRt/login - undefined
Thu Sep 05 2024 21:52:24 GMT+0530 (India Standard Time) - IP: ::ffff:127.0.0.1 - POST - /regLoginRt/login - undefined
Thu Sep 05 2024 21:52:51 GMT+0530 (India Standard Time) - IP: ::ffff:127.0.0.1 - POST - /regLoginRt/login - undefined
Thu Sep 05 2024 22:24:08 GMT+0530 (India Standard Time) - IP: ::1 - POST - /gMapRt/nearby - undefined
Thu Sep 05 2024 22:24:27 GMT+0530 (India Standard Time) - IP: ::1 - POST - /gMapRt/nearby - undefined
Thu Sep 05 2024 22:27:52 GMT+0530 (India Standard Time) - IP: ::ffff:127.0.0.1 - POST - /regLoginRt/register - undefined
Thu Sep 05 2024 22:30:30 GMT+0530 (India Standard Time) - IP: ::ffff:127.0.0.1 - POST - /regLoginRt/register - undefined
Thu Sep 05 2024 22:32:10 GMT+0530 (India Standard Time) - IP: ::ffff:127.0.0.1 - POST - /regLoginRt/register - undefined
Thu Sep 05 2024 22:33:14 GMT+0530 (India Standard Time) - IP: ::ffff:127.0.0.1 - POST - /regLoginRt/register - undefined
Thu Sep 05 2024 22:33:35 GMT+0530 (India Standard Time) - IP: ::ffff:127.0.0.1 - POST - /regLoginRt/login - undefined
Thu Sep 05 2024 22:34:20 GMT+0530 (India Standard Time) - IP: ::ffff:127.0.0.1 - POST - /regLoginRt/login - undefined
Thu Sep 05 2024 22:36:40 GMT+0530 (India Standard Time) - IP: ::ffff:127.0.0.1 - POST - /regLoginRt/login - undefined
Thu Sep 05 2024 22:39:35 GMT+0530 (India Standard Time) - IP: ::ffff:127.0.0.1 - POST - /regLoginRt/login - undefined
Thu Sep 05 2024 22:40:01 GMT+0530 (India Standard Time) - IP: ::ffff:127.0.0.1 - POST - /regLoginRt/login - undefined
Thu Sep 05 2024 22:41:41 GMT+0530 (India Standard Time) - IP: ::ffff:127.0.0.1 - POST - /regLoginRt/login - undefined
Thu Sep 05 2024 22:42:01 GMT+0530 (India Standard Time) - IP: ::ffff:127.0.0.1 - POST - /regLoginRt/login - undefined
Thu Sep 05 2024 22:43:20 GMT+0530 (India Standard Time) - IP: ::1 - POST - /regLoginRt/login - undefined
Thu Sep 05 2024 22:43:58 GMT+0530 (India Standard Time) - IP: ::1 - POST - /regLoginRt/login - undefined
Thu Sep 05 2024 22:51:15 GMT+0530 (India Standard Time) - IP: ::1 - POST - /regLoginRt/login - undefined
Thu Sep 05 2024 22:51:31 GMT+0530 (India Standard Time) - IP: ::1 - POST - /gMapRt/nearby - undefined
Thu Sep 05 2024 22:51:41 GMT+0530 (India Standard Time) - IP: ::1 - POST - /gMapRt/nearby - undefined
Thu Sep 05 2024 22:51:49 GMT+0530 (India Standard Time) - IP: ::1 - POST - /gMapRt/nearby - undefined
Thu Sep 05 2024 22:52:11 GMT+0530 (India Standard Time) - IP: ::1 - POST - /gMapRt/nearby - undefined
Thu Sep 05 2024 22:53:18 GMT+0530 (India Standard Time) - IP: ::1 - POST - /regLoginRt/register - undefined
Thu Sep 05 2024 22:53:52 GMT+0530 (India Standard Time) - IP: ::1 - POST - /regLoginRt/register - undefined
Thu Sep 05 2024 22:54:02 GMT+0530 (India Standard Time) - IP: ::1 - POST - /regLoginRt/login - undefined
Thu Sep 05 2024 22:55:21 GMT+0530 (India Standard Time) - IP: ::1 - POST - /regLoginRt/register - undefined
Thu Sep 05 2024 22:55:41 GMT+0530 (India Standard Time) - IP: ::1 - POST - /regLoginRt/login - undefined
Thu Sep 05 2024 22:56:00 GMT+0530 (India Standard Time) - IP: ::1 - POST - /regLoginRt/login - undefined
Thu Sep 05 2024 22:57:14 GMT+0530 (India Standard Time) - IP: ::1 - POST - /regLoginRt/login - undefined
Thu Sep 05 2024 22:57:46 GMT+0530 (India Standard Time) - IP: ::1 - POST - /regLoginRt/login - undefined
Thu Sep 05 2024 22:58:02 GMT+0530 (India Standard Time) - IP: ::1 - POST - /regLoginRt/login - undefined
Thu Sep 05 2024 22:58:16 GMT+0530 (India Standard Time) - IP: ::1 - POST - /regLoginRt/login - undefined
Thu Sep 05 2024 22:59:45 GMT+0530 (India Standard Time) - IP: ::1 - POST - /regLoginRt/login - undefined
Thu Sep 05 2024 23:00:30 GMT+0530 (India Standard Time) - IP: ::1 - POST - /regLoginRt/login - undefined
Thu Sep 05 2024 23:00:49 GMT+0530 (India Standard Time) - IP: ::1 - POST - /regLoginRt/login - undefined
Thu Sep 05 2024 23:01:05 GMT+0530 (India Standard Time) - IP: ::1 - POST - /regLoginRt/login - undefined
Thu Sep 05 2024 23:01:54 GMT+0530 (India Standard Time) - IP: ::1 - POST - /regLoginRt/login - undefined
Thu Sep 05 2024 23:02:12 GMT+0530 (India Standard Time) - IP: ::1 - POST - /regLoginRt/login - undefined
Fri Sep 06 2024 09:18:00 GMT+0530 (India Standard Time) - IP: ::1 - POST - /regLoginRt/login - undefined
Fri Sep 06 2024 09:18:27 GMT+0530 (India Standard Time) - IP: ::1 - POST - /regLoginRt/register - undefined
Fri Sep 06 2024 09:18:46 GMT+0530 (India Standard Time) - IP: ::1 - POST - /regLoginRt/login - undefined
Fri Sep 06 2024 09:19:13 GMT+0530 (India Standard Time) - IP: ::1 - POST - /gMapRt/nearby - undefined
Fri Sep 06 2024 09:19:22 GMT+0530 (India Standard Time) - IP: ::1 - POST - /gMapRt/nearby - undefined
Fri Sep 06 2024 12:28:09 GMT+0530 (India Standard Time) - IP: ::1 - POST - /regLoginRt/login - undefined
Fri Sep 06 2024 12:28:31 GMT+0530 (India Standard Time) - IP: ::1 - POST - /regLoginRt/login - undefined
Fri Sep 06 2024 12:29:15 GMT+0530 (India Standard Time) - IP: ::1 - POST - /regLoginRt/login - undefined
Fri Sep 06 2024 12:29:38 GMT+0530 (India Standard Time) - IP: ::1 - POST - /regLoginRt/login - undefined
Fri Sep 06 2024 12:33:15 GMT+0530 (India Standard Time) - IP: ::1 - POST - /regLoginRt/login - undefined
Fri Sep 06 2024 12:34:44 GMT+0530 (India Standard Time) - IP: ::1 - POST - /regLoginRt/login - undefined
Fri Sep 06 2024 13:14:18 GMT+0530 (India Standard Time) - IP: ::1 - GET - /regLoginRt/login - undefined
Mon Sep 16 2024 13:40:11 GMT+0530 (India Standard Time) - IP: ::1 - GET - /productDataRt/getAllProducts - undefined
Mon Sep 16 2024 14:05:32 GMT+0530 (India Standard Time) - IP: ::1 - GET - /productDataRt/getAllProducts - undefined
Mon Sep 16 2024 14:05:48 GMT+0530 (India Standard Time) - IP: ::1 - GET - /productDataRt/getAllProducts - undefined
Mon Sep 16 2024 14:11:19 GMT+0530 (India Standard Time) - IP: ::1 - GET - /productDataRt/getAllProducts/1 - undefined
Mon Sep 16 2024 14:12:43 GMT+0530 (India Standard Time) - IP: ::1 - GET - /productDataRt/getAllProducts/1 - undefined
Mon Sep 16 2024 14:12:53 GMT+0530 (India Standard Time) - IP: ::1 - GET - /productDataRt/getAllProducts/2 - undefined
Mon Sep 16 2024 14:12:59 GMT+0530 (India Standard Time) - IP: ::1 - GET - /productDataRt/getAllProducts/3 - undefined
Mon Sep 16 2024 14:13:55 GMT+0530 (India Standard Time) - IP: ::1 - POST - /productDataRt/createProduct - undefined
Mon Sep 16 2024 14:13:58 GMT+0530 (India Standard Time) - IP: ::1 - POST - /productDataRt/createProduct - undefined
Mon Sep 16 2024 14:14:37 GMT+0530 (India Standard Time) - IP: ::1 - POST - /productDataRt/createProduct - undefined
Mon Sep 16 2024 14:16:04 GMT+0530 (India Standard Time) - IP: ::1 - PUT - /productDataRt/updateProduct/1 - undefined
Mon Sep 16 2024 14:16:36 GMT+0530 (India Standard Time) - IP: ::1 - PUT - /productDataRt/updateProduct/1 - undefined
Mon Sep 16 2024 14:27:46 GMT+0530 (India Standard Time) - IP: ::1 - GET - /productDataRt/getAllProducts - undefined
Mon Sep 16 2024 14:28:00 GMT+0530 (India Standard Time) - IP: ::1 - GET - /productDataRt/getAllProducts - undefined
Mon Sep 16 2024 14:28:23 GMT+0530 (India Standard Time) - IP: ::1 - GET - /productDataRt/getAllProducts - undefined
Mon Sep 16 2024 14:28:34 GMT+0530 (India Standard Time) - IP: ::1 - GET - /productDataRt/getAllProducts/1 - undefined
Mon Sep 16 2024 14:29:07 GMT+0530 (India Standard Time) - IP: ::1 - GET - /productDataRt/getAllProducts/1 - undefined
Mon Sep 16 2024 14:29:52 GMT+0530 (India Standard Time) - IP: ::1 - GET - /productDataRt/getAllProducts/1 - undefined
Mon Sep 16 2024 14:30:03 GMT+0530 (India Standard Time) - IP: ::1 - GET - /productDataRt/getAllProducts - undefined
Mon Sep 16 2024 14:30:28 GMT+0530 (India Standard Time) - IP: ::1 - GET - /productDataRt/getAllProducts/1 - undefined
Mon Sep 16 2024 14:31:15 GMT+0530 (India Standard Time) - IP: ::1 - POST - /productDataRt/createProduct - undefined
Mon Sep 16 2024 14:33:52 GMT+0530 (India Standard Time) - IP: ::1 - PUT - /productDataRt/updateProduct/1 - undefined
Mon Sep 16 2024 14:34:04 GMT+0530 (India Standard Time) - IP: ::1 - PUT - /productDataRt/updateProduct/4 - undefined
Mon Sep 16 2024 23:15:41 GMT+0530 (India Standard Time) - IP: ::1 - POST - /chatRt/chat - undefined
Mon Sep 16 2024 23:15:47 GMT+0530 (India Standard Time) - IP: ::1 - POST - /chatRt/chat - undefined
Mon Sep 16 2024 23:16:26 GMT+0530 (India Standard Time) - IP: ::1 - POST - /chatRt/chat - undefined
Mon Sep 16 2024 23:19:40 GMT+0530 (India Standard Time) - IP: ::1 - POST - /chatRt/chat - undefined
Mon Sep 16 2024 23:22:48 GMT+0530 (India Standard Time) - IP: ::1 - POST - /chatRt/chat - undefined
Mon Sep 16 2024 23:36:38 GMT+0530 (India Standard Time) - IP: ::1 - POST - /chatRt/chat - undefined
Mon Sep 16 2024 23:37:57 GMT+0530 (India Standard Time) - IP: ::1 - POST - /chatRt/chat - undefined
Mon Sep 16 2024 23:41:50 GMT+0530 (India Standard Time) - IP: ::1 - POST - /chatRt/chat - undefined
Mon Sep 16 2024 23:54:16 GMT+0530 (India Standard Time) - IP: ::1 - POST - /chatRt/chat - undefined
Mon Sep 16 2024 23:55:01 GMT+0530 (India Standard Time) - IP: ::1 - POST - /chatRt/chat - undefined
Mon Sep 16 2024 23:58:30 GMT+0530 (India Standard Time) - IP: ::1 - POST - /chatRt/chat - undefined
Mon Sep 16 2024 23:58:32 GMT+0530 (India Standard Time) - IP: ::1 - POST - /chatRt/chat - undefined
Tue Sep 17 2024 00:06:06 GMT+0530 (India Standard Time) - IP: ::1 - POST - /chatRt/chat - undefined
Tue Sep 17 2024 00:10:13 GMT+0530 (India Standard Time) - IP: ::1 - POST - /chatRt/chat - undefined
Tue Sep 17 2024 00:11:55 GMT+0530 (India Standard Time) - IP: ::1 - POST - /chatRt/chat - undefined
Tue Sep 17 2024 00:20:25 GMT+0530 (India Standard Time) - IP: ::1 - POST - /chatRt/chat - undefined
Tue Sep 17 2024 00:41:29 GMT+0530 (India Standard Time) - IP: ::1 - POST - /chatRt/chat - undefined
Tue Sep 17 2024 00:43:05 GMT+0530 (India Standard Time) - IP: ::1 - POST - /chatRt/chat - undefined
Tue Sep 17 2024 00:43:56 GMT+0530 (India Standard Time) - IP: ::1 - POST - /chatRt/chat - undefined
Tue Sep 17 2024 00:44:41 GMT+0530 (India Standard Time) - IP: ::1 - POST - /chatRt/chat - undefined
Tue Sep 17 2024 00:45:18 GMT+0530 (India Standard Time) - IP: ::1 - POST - /chatRt/chat - undefined
Tue Sep 17 2024 00:45:54 GMT+0530 (India Standard Time) - IP: ::1 - POST - /chatRt/chat - undefined
Tue Sep 17 2024 00:55:51 GMT+0530 (India Standard Time) - IP: ::1 - POST - /chatRt/chat - undefined
Tue Sep 17 2024 13:46:34 GMT+0530 (India Standard Time) - IP: ::1 - POST - /chatRt/chat - undefined
Tue Sep 17 2024 13:47:53 GMT+0530 (India Standard Time) - IP: ::1 - POST - /chatRt/chat - undefined
Tue Sep 17 2024 14:27:24 GMT+0530 (India Standard Time) - IP: ::1 - POST - /chatRt/chat - undefined
Tue Sep 17 2024 14:34:05 GMT+0530 (India Standard Time) - IP: ::1 - POST - /chatRt/chat - undefined
Tue Sep 17 2024 16:36:18 GMT+0530 (India Standard Time) - IP: ::1 - POST - /chatRt/chat - undefined
Tue Sep 17 2024 16:36:57 GMT+0530 (India Standard Time) - IP: ::1 - POST - /chatRt/chat - undefined
Tue Sep 17 2024 16:37:45 GMT+0530 (India Standard Time) - IP: ::1 - POST - /chatRt/chat - undefined
Tue Sep 17 2024 16:38:47 GMT+0530 (India Standard Time) - IP: ::1 - POST - /chatRt/chat - undefined
Tue Sep 17 2024 16:39:07 GMT+0530 (India Standard Time) - IP: ::1 - POST - /chatRt/chat - undefined
Tue Sep 17 2024 16:52:40 GMT+0530 (India Standard Time) - IP: ::1 - POST - /chatRt/chat - undefined
Tue Sep 17 2024 16:53:21 GMT+0530 (India Standard Time) - IP: ::1 - POST - /chatRt/chat - undefined
Tue Sep 17 2024 16:54:20 GMT+0530 (India Standard Time) - IP: ::1 - POST - /chatRt/chat - undefined
Tue Sep 17 2024 16:55:04 GMT+0530 (India Standard Time) - IP: ::1 - POST - /chatRt/chat - undefined
Tue Sep 17 2024 16:55:35 GMT+0530 (India Standard Time) - IP: ::1 - POST - /chatRt/chat - undefined
Tue Sep 17 2024 16:56:32 GMT+0530 (India Standard Time) - IP: ::1 - POST - /chatRt/chat - undefined
Tue Sep 17 2024 16:57:57 GMT+0530 (India Standard Time) - IP: ::1 - POST - /chatRt/chat - undefined
Tue Sep 17 2024 16:59:15 GMT+0530 (India Standard Time) - IP: ::1 - POST - /chatRt/chat - undefined
Tue Sep 17 2024 17:00:02 GMT+0530 (India Standard Time) - IP: ::1 - POST - /chatRt/chat - undefined
Tue Sep 17 2024 17:00:56 GMT+0530 (India Standard Time) - IP: ::1 - POST - /chatRt/chat - undefined
Tue Sep 17 2024 17:02:20 GMT+0530 (India Standard Time) - IP: ::1 - POST - /chatRt/chat - undefined
Tue Sep 17 2024 17:02:48 GMT+0530 (India Standard Time) - IP: ::1 - POST - /chatRt/chat - undefined
Tue Sep 17 2024 17:03:26 GMT+0530 (India Standard Time) - IP: ::1 - POST - /chatRt/chat - undefined
Tue Sep 17 2024 17:04:10 GMT+0530 (India Standard Time) - IP: ::1 - POST - /chatRt/chat - undefined
Tue Sep 17 2024 17:04:40 GMT+0530 (India Standard Time) - IP: ::1 - POST - /chatRt/chat - undefined
Tue Sep 17 2024 17:05:05 GMT+0530 (India Standard Time) - IP: ::1 - POST - /chatRt/chat - undefined
Tue Sep 17 2024 17:05:37 GMT+0530 (India Standard Time) - IP: ::1 - POST - /chatRt/chat - undefined
Tue Sep 17 2024 17:06:02 GMT+0530 (India Standard Time) - IP: ::1 - POST - /chatRt/chat - undefined
Tue Sep 17 2024 17:06:29 GMT+0530 (India Standard Time) - IP: ::1 - POST - /chatRt/chat - undefined
Tue Sep 17 2024 17:06:59 GMT+0530 (India Standard Time) - IP: ::1 - POST - /chatRt/chat - undefined
Tue Sep 17 2024 17:07:58 GMT+0530 (India Standard Time) - IP: ::1 - POST - /chatRt/chat - undefined
Tue Sep 17 2024 17:09:15 GMT+0530 (India Standard Time) - IP: ::1 - POST - /chatRt/chat - undefined
Tue Sep 17 2024 17:10:22 GMT+0530 (India Standard Time) - IP: ::1 - POST - /chatRt/chat - undefined
Tue Sep 17 2024 17:11:33 GMT+0530 (India Standard Time) - IP: ::1 - POST - /chatRt/chat - undefined
Tue Sep 17 2024 17:12:59 GMT+0530 (India Standard Time) - IP: ::1 - POST - /chatRt/chat - undefined
Tue Sep 17 2024 17:16:30 GMT+0530 (India Standard Time) - IP: ::1 - POST - /chatRt/chat - undefined
Tue Sep 17 2024 17:21:46 GMT+0530 (India Standard Time) - IP: ::1 - POST - /chatRt/chat - undefined
Tue Sep 17 2024 17:23:06 GMT+0530 (India Standard Time) - IP: ::1 - POST - /chatRt/chat - undefined
Tue Sep 17 2024 17:23:53 GMT+0530 (India Standard Time) - IP: ::1 - POST - /chatRt/chat - undefined
Tue Sep 17 2024 17:24:34 GMT+0530 (India Standard Time) - IP: ::1 - POST - /chatRt/chat - undefined
Tue Sep 17 2024 17:24:56 GMT+0530 (India Standard Time) - IP: ::1 - POST - /chatRt/chat - undefined
Tue Sep 17 2024 17:25:23 GMT+0530 (India Standard Time) - IP: ::1 - POST - /chatRt/chat - undefined
Tue Sep 17 2024 17:26:10 GMT+0530 (India Standard Time) - IP: ::1 - POST - /chatRt/chat - undefined
Tue Sep 17 2024 17:26:43 GMT+0530 (India Standard Time) - IP: ::1 - POST - /chatRt/chat - undefined
Tue Sep 17 2024 17:27:22 GMT+0530 (India Standard Time) - IP: ::1 - POST - /chatRt/chat - undefined
Tue Sep 17 2024 17:29:05 GMT+0530 (India Standard Time) - IP: ::1 - POST - /chatRt/chat - undefined
Tue Sep 17 2024 17:30:17 GMT+0530 (India Standard Time) - IP: ::1 - POST - /chatRt/chat - undefined
Tue Sep 17 2024 17:32:50 GMT+0530 (India Standard Time) - IP: ::1 - POST - /chatRt/chat - undefined
Tue Sep 17 2024 17:40:01 GMT+0530 (India Standard Time) - IP: ::1 - POST - /chatRt/chat - undefined
Tue Sep 17 2024 17:40:19 GMT+0530 (India Standard Time) - IP: ::1 - POST - /chatRt/chat - undefined
Tue Sep 17 2024 17:42:47 GMT+0530 (India Standard Time) - IP: ::1 - POST - /chatRt/chat - undefined
Tue Sep 17 2024 17:44:52 GMT+0530 (India Standard Time) - IP: ::1 - POST - /chatRt/chat - undefined
Tue Sep 17 2024 17:45:09 GMT+0530 (India Standard Time) - IP: ::1 - POST - /chatRt/chat - undefined
Tue Sep 17 2024 17:45:21 GMT+0530 (India Standard Time) - IP: ::1 - POST - /chatRt/chat - undefined
Tue Sep 17 2024 17:46:01 GMT+0530 (India Standard Time) - IP: ::1 - POST - /chatRt/chat - undefined
Tue Sep 17 2024 17:46:28 GMT+0530 (India Standard Time) - IP: ::1 - POST - /chatRt/chat - undefined
Tue Sep 17 2024 17:47:19 GMT+0530 (India Standard Time) - IP: ::1 - POST - /chatRt/chat - undefined
Tue Sep 17 2024 17:48:32 GMT+0530 (India Standard Time) - IP: ::1 - POST - /chatRt/chat - undefined
Tue Sep 17 2024 17:51:29 GMT+0530 (India Standard Time) - IP: ::1 - POST - /chatRt/chat - undefined
Tue Sep 17 2024 17:58:40 GMT+0530 (India Standard Time) - IP: ::1 - POST - /chatRt/chat - undefined
Tue Sep 17 2024 18:17:44 GMT+0530 (India Standard Time) - IP: ::1 - POST - /chatRt/chat - undefined
Tue Sep 17 2024 18:18:17 GMT+0530 (India Standard Time) - IP: ::1 - POST - /chatRt/chat - undefined
Tue Sep 17 2024 18:57:09 GMT+0530 (India Standard Time) - IP: ::1 - POST - /chatRt/chat - undefined
Tue Sep 17 2024 19:03:51 GMT+0530 (India Standard Time) - IP: ::1 - POST - /chatRt/chat - undefined
Tue Sep 17 2024 19:03:55 GMT+0530 (India Standard Time) - IP: ::1 - POST - /chatRt/chat - undefined
Tue Sep 17 2024 19:05:09 GMT+0530 (India Standard Time) - IP: ::1 - POST - /chatRt/chat - undefined
Tue Sep 17 2024 19:05:58 GMT+0530 (India Standard Time) - IP: ::1 - POST - /chatRt/chat - undefined
Tue Sep 17 2024 19:07:05 GMT+0530 (India Standard Time) - IP: ::1 - POST - /chatRt/chat - undefined
Tue Sep 17 2024 19:09:29 GMT+0530 (India Standard Time) - IP: ::1 - POST - /chatRt/chat - undefined
Tue Sep 17 2024 19:09:56 GMT+0530 (India Standard Time) - IP: ::1 - POST - /chatRt/chat - undefined
Tue Sep 17 2024 19:10:13 GMT+0530 (India Standard Time) - IP: ::1 - POST - /chatRt/chat - undefined
Tue Sep 17 2024 19:10:41 GMT+0530 (India Standard Time) - IP: ::1 - POST - /chatRt/chat - undefined
Tue Sep 17 2024 19:11:22 GMT+0530 (India Standard Time) - IP: ::1 - POST - /chatRt/chat - undefined
Tue Sep 17 2024 19:16:17 GMT+0530 (India Standard Time) - IP: ::1 - DELETE - /chatRt/clearChat - undefined
Tue Sep 17 2024 19:16:26 GMT+0530 (India Standard Time) - IP: ::1 - DELETE - /chatRt/clearChat - undefined
Tue Sep 17 2024 19:16:54 GMT+0530 (India Standard Time) - IP: ::1 - DELETE - /chatRt/clearChat - undefined
Tue Sep 17 2024 19:17:34 GMT+0530 (India Standard Time) - IP: ::1 - DELETE - /chatRt/clearChat - undefined
Tue Sep 17 2024 19:19:35 GMT+0530 (India Standard Time) - IP: ::1 - DELETE - /chatRt/clearChat - undefined
Tue Sep 17 2024 19:21:17 GMT+0530 (India Standard Time) - IP: ::1 - DELETE - /chatRt/clearChat - undefined
Tue Sep 17 2024 19:21:59 GMT+0530 (India Standard Time) - IP: ::1 - DELETE - /chatRt/clearChat - undefined
Tue Sep 17 2024 19:22:29 GMT+0530 (India Standard Time) - IP: ::1 - GET - /chatRt/getChat - undefined
Tue Sep 17 2024 19:53:14 GMT+0530 (India Standard Time) - IP: ::1 - GET - /regLoginRt/deleteUser - undefined
Tue Sep 17 2024 19:53:20 GMT+0530 (India Standard Time) - IP: ::1 - DELETE - /regLoginRt/deleteUser - undefined
Tue Sep 17 2024 19:54:20 GMT+0530 (India Standard Time) - IP: ::1 - DELETE - /regLoginRt/deleteUser - undefined
Tue Sep 17 2024 19:57:15 GMT+0530 (India Standard Time) - IP: ::1 - DELETE - /regLoginRt/deleteUser - undefined
Tue Sep 17 2024 19:58:04 GMT+0530 (India Standard Time) - IP: ::1 - PUT - /regLoginRt/updateUser - undefined
Tue Sep 24 2024 11:26:41 GMT+0530 (India Standard Time) - IP: ::ffff:127.0.0.1 - GET - /regLoginRt/getUser - undefined
Tue Sep 24 2024 11:28:48 GMT+0530 (India Standard Time) - IP: ::ffff:127.0.0.1 - GET - /regLoginRt/getUser - undefined
Tue Sep 24 2024 11:30:29 GMT+0530 (India Standard Time) - IP: ::ffff:127.0.0.1 - GET - /regLoginRt/getUser - undefined
Tue Sep 24 2024 21:07:37 GMT+0530 (India Standard Time) - IP: ::1 - GET - /regLoginRt/getUser - undefined
Tue Sep 24 2024 21:07:42 GMT+0530 (India Standard Time) - IP: ::1 - GET - /regLoginRt/getUser - undefined
Tue Sep 24 2024 21:08:18 GMT+0530 (India Standard Time) - IP: ::1 - GET - /regLoginRt/getUser - undefined
Tue Sep 24 2024 21:08:39 GMT+0530 (India Standard Time) - IP: ::1 - GET - /regLoginRt/getUser - undefined
Tue Sep 24 2024 21:15:40 GMT+0530 (India Standard Time) - IP: ::1 - POST - /regLoginRt/getUser - undefined
